0001_0041_0014_0054_0054.jpg 1 41 14 54 54
0002_0024_0017_0025_0025.jpg 1 24 17 25 25
0003_0023_0031_0059_0059.jpg 1 23 31 59 59
0004_0017_0012_0057_0057.jpg 1 17 12 57 57
0005_0018_0015_0031_0031.jpg 1 18 15 31 31
0006_0029_0035_0040_0040.jpg 1 29 35 40 40
0007_0012_0049_0042_0042.jpg 1 12 49 42 42
0008_0020_0007_0039_0039.jpg 1 20 7 39 39
0009_0025_0029_0048_0048.jpg 1 25 29 48 48
0010_0015_0019_0058_0058.jpg 1 15 19 58 58
0011_0028_0022_0065_0065.jpg 1 28 22 65 65
0012_0029_0042_0025_0025.jpg 1 29 42 25 25
0013_0025_0041_0049_0049.jpg 1 25 41 49 49
0014_0013_0013_0042_0042.jpg 1 13 13 42 42
0015_0041_0037_0046_0046.jpg 1 41 37 46 46
0016_0017_0014_0062_0062.jpg 1 17 14 62 62
0017_0017_0022_0063_0063.jpg 1 17 22 63 63
0018_0016_0029_0060_0060.jpg 1 16 29 60 60
0019_0021_0006_0051_0051.jpg 1 21 6 51 51
0020_0025_0026_0067_0067.jpg 1 25 26 67 67
0021_0033_0010_0058_0058.jpg 1 33 10 58 58
0022_0005_0024_0063_0063.jpg 1 5 24 63 63
0023_0008_0037_0048_0048.jpg 1 8 37 48 48
0024_0029_0048_0029_0029.jpg 1 29 48 29 29
0025_0004_0017_0064_0064.jpg 1 4 17 64 64
0026_0008_0040_0024_0024.jpg 1 8 40 24 24
0027_0043_0036_0044_0044.jpg 1 43 36 44 44
0028_0006_0037_0038_0038.jpg 1 6 37 38 38
0029_0011_0014_0024_0024.jpg 1 11 14 24 24
0030_0010_0050_0040_0040.jpg 1 10 50 40 40
0031_0017_0016_0045_0045.jpg 1 17 16 45 45
0032_0009_0018_0068_0068.jpg 1 9 18 68 68
0033_0031_0051_0035_0035.jpg 1 31 51 35 35
0034_0036_0014_0052_0052.jpg 1 36 14 52 52
0035_0030_0022_0052_0052.jpg 1 30 22 52 52
0036_0020_0010_0067_0067.jpg 1 20 10 67 67
0037_0024_0032_0055_0055.jpg 1 24 32 55 55
0038_0022_0023_0061_0061.jpg 1 22 23 61 61
0039_0016_0040_0026_0026.jpg 1 16 40 26 26
0040_0007_0039_0025_0025.jpg 1 7 39 25 25
0041_0031_0035_0042_0042.jpg 1 31 35 42 42
0042_0021_0037_0051_0051.jpg 1 21 37 51 51
0043_0041_0011_0050_0050.jpg 1 41 11 50 50
0044_0042_0034_0038_0038.jpg 1 42 34 38 38
0045_0013_0048_0033_0033.jpg 1 13 48 33 33
0046_0056_0055_0025_0025.jpg 1 56 55 25 25
0047_0051_0024_0041_0041.jpg 1 51 24 41 41
0048_0025_0034_0037_0037.jpg 1 25 34 37 37
0049_0031_0031_0056_0056.jpg 1 31 31 56 56
0050_0047_0034_0044_0044.jpg 1 47 34 44 44
0051_0004_0012_0066_0066.jpg 1 4 12 66 66
0052_0016_0024_0063_0063.jpg 1 16 24 63 63
0053_0011_0028_0064_0064.jpg 1 11 28 64 64
0054_0021_0039_0029_0029.jpg 1 21 39 29 29
0055_0048_0015_0036_0036.jpg 1 48 15 36 36
0056_0023_0045_0024_0024.jpg 1 23 45 24 24
0057_0047_0029_0039_0039.jpg 1 47 29 39 39
0058_0011_0032_0060_0060.jpg 1 11 32 60 60
0059_0024_0007_0061_0061.jpg 1 24 7 61 61
0060_0035_0037_0044_0044.jpg 1 35 37 44 44
0061_0006_0036_0057_0057.jpg 1 6 36 57 57
0062_0030_0028_0037_0037.jpg 1 30 28 37 37
0063_0049_0051_0027_0027.jpg 1 49 51 27 27
0064_0059_0054_0025_0025.jpg 1 59 54 25 25
0065_0033_0040_0045_0045.jpg 1 33 40 45 45
0066_0060_0022_0032_0032.jpg 1 60 22 32 32
0067_0017_0006_0034_0034.jpg 1 17 6 34 34
0068_0039_0012_0031_0031.jpg 1 39 12 31 31
0069_0006_0026_0064_0064.jpg 1 6 26 64 64
0070_0010_0016_0062_0062.jpg 1 10 16 62 62
0071_0041_0056_0027_0027.jpg 1 41 56 27 27
0072_0015_0005_0052_0052.jpg 1 15 5 52 52
0073_0013_0036_0040_0040.jpg 1 13 36 40 40
0074_0030_0029_0047_0047.jpg 1 30 29 47 47
0075_0027_0019_0069_0069.jpg 1 27 19 69 69
0076_0012_0014_0059_0059.jpg 1 12 14 59 59
0077_0035_0016_0037_0037.jpg 1 35 16 37 37
0078_0049_0032_0038_0038.jpg 1 49 32 38 38
0079_0031_0016_0059_0059.jpg 1 31 16 59 59
0080_0042_0032_0027_0027.jpg 1 42 32 27 27
0081_0033_0060_0032_0032.jpg 1 33 60 32 32
0082_0022_0043_0045_0045.jpg 1 22 43 45 45
0083_0009_0035_0032_0032.jpg 1 9 35 32 32
0084_0027_0029_0055_0055.jpg 1 27 29 55 55
0085_0015_0049_0026_0026.jpg 1 15 49 26 26
0086_0024_0029_0052_0052.jpg 1 24 29 52 52
0087_0036_0014_0047_0047.jpg 1 36 14 47 47
0088_0026_0024_0028_0028.jpg 1 26 24 28 28
0089_0030_0064_0025_0025.jpg 1 30 64 25 25
0090_0027_0058_0033_0033.jpg 1 27 58 33 33
0091_0036_0041_0042_0042.jpg 1 36 41 42 42
0092_0019_0030_0064_0064.jpg 1 19 30 64 64
0093_0032_0009_0041_0041.jpg 1 32 9 41 41
0094_0028_0031_0063_0063.jpg 1 28 31 63 63
0095_0012_0046_0046_0046.jpg 1 12 46 46 46
0096_0011_0018_0061_0061.jpg 1 11 18 61 61
0097_0031_0013_0038_0038.jpg 1 31 13 38 38
0098_0020_0011_0038_0038.jpg 1 20 11 38 38
0099_0026_0012_0039_0039.jpg 1 26 12 39 39
0100_0006_0046_0040_0040.jpg 1 6 46 40 40
0101_0035_0047_0038_0038.jpg 1 35 47 38 38
0102_0020_0038_0042_0042.jpg 1 20 38 42 42
0103_0004_0004_0062_0062.jpg 1 4 4 62 62
0104_0017_0052_0031_0031.jpg 1 17 52 31 31
0105_0045_0039_0032_0032.jpg 1 45 39 32 32
0106_0044_0047_0025_0025.jpg 1 44 47 25 25
0107_0019_0007_0049_0049.jpg 1 19 7 49 49
0108_0016_0011_0062_0062.jpg 1 16 11 62 62
0109_0035_0038_0038_0038.jpg 1 35 38 38 38
0110_0025_0019_0060_0060.jpg 1 25 19 60 60
0111_0044_0039_0048_0048.jpg 1 44 39 48 48
0112_0033_0033_0055_0055.jpg 1 33 33 55 55
0113_0022_0031_0047_0047.jpg 1 22 31 47 47
0114_0017_0022_0067_0067.jpg 1 17 22 67 67
0115_0039_0045_0028_0028.jpg 1 39 45 28 28
0116_0050_0058_0024_0024.jpg 1 50 58 24 24
0117_0006_0043_0041_0041.jpg 1 6 43 41 41
0118_0029_0013_0043_0043.jpg 1 29 13 43 43
0119_0014_0025_0062_0062.jpg 1 14 25 62 62
0120_0027_0022_0043_0043.jpg 1 27 22 43 43
0121_0029_0014_0053_0053.jpg 1 29 14 53 53
0122_0023_0017_0057_0057.jpg 1 23 17 57 57
0123_0008_0011_0061_0061.jpg 1 8 11 61 61
0124_0056_0056_0034_0034.jpg 1 56 56 34 34
0125_0017_0011_0046_0046.jpg 1 17 11 46 46
0126_0019_0020_0058_0058.jpg 1 19 20 58 58
0127_0044_0031_0047_0047.jpg 1 44 31 47 47
0128_0031_0015_0064_0064.jpg 1 31 15 64 64
0129_0052_0016_0030_0030.jpg 1 52 16 30 30
0130_0006_0022_0057_0057.jpg 1 6 22 57 57
0131_0012_0031_0056_0056.jpg 1 12 31 56 56
0132_0037_0016_0056_0056.jpg 1 37 16 56 56
0133_0007_0044_0049_0049.jpg 1 7 44 49 49
0134_0036_0029_0025_0025.jpg 1 36 29 25 25
0135_0012_0029_0037_0037.jpg 1 12 29 37 37
0136_0025_0056_0027_0027.jpg 1 25 56 27 27
0137_0043_0031_0049_0049.jpg 1 43 31 49 49
0138_0013_0021_0051_0051.jpg 1 13 21 51 51
0139_0029_0026_0065_0065.jpg 1 29 26 65 65
0140_0052_0022_0029_0029.jpg 1 52 22 29 29
0141_0015_0022_0049_0049.jpg 1 15 22 49 49
0142_0054_0050_0024_0024.jpg 1 54 50 24 24
0143_0015_0037_0042_0042.jpg 1 15 37 42 42
0144_0024_0053_0032_0032.jpg 1 24 53 32 32
0145_0012_0024_0060_0060.jpg 1 12 24 60 60
0146_0020_0043_0045_0045.jpg 1 20 43 45 45
0147_0035_0046_0045_0045.jpg 1 35 46 45 45
0148_0014_0030_0062_0062.jpg 1 14 30 62 62
0149_0017_0046_0046_0046.jpg 1 17 46 46 46
0150_0034_0032_0052_0052.jpg 1 34 32 52 52
0151_0010_0022_0046_0046.jpg 1 10 22 46 46
0152_0023_0049_0045_0045.jpg 1 23 49 45 45
0153_0043_0038_0024_0024.jpg 1 43 38 24 24
0154_0013_0047_0034_0034.jpg 1 13 47 34 34
0155_0046_0022_0042_0042.jpg 1 46 22 42 42
0156_0049_0008_0026_0026.jpg 1 49 8 26 26
0157_0036_0034_0041_0041.jpg 1 36 34 41 41
0158_0008_0012_0053_0053.jpg 1 8 12 53 53
0159_0016_0026_0049_0049.jpg 1 16 26 49 49
0160_0010_0017_0064_0064.jpg 1 10 17 64 64
0161_0051_0034_0033_0033.jpg 1 51 34 33 33
0162_0007_0016_0065_0065.jpg 1 7 16 65 65
0163_0010_0009_0057_0057.jpg 1 10 9 57 57
0164_0031_0013_0052_0052.jpg 1 31 13 52 52
0165_0012_0016_0054_0054.jpg 1 12 16 54 54
0166_0029_0011_0055_0055.jpg 1 29 11 55 55
0167_0046_0012_0033_0033.jpg 1 46 12 33 33
0168_0025_0033_0057_0057.jpg 1 25 33 57 57
0169_0020_0018_0065_0065.jpg 1 20 18 65 65
0170_0041_0049_0043_0043.jpg 1 41 49 43 43
0171_0011_0007_0034_0034.jpg 1 11 7 34 34
0172_0029_0013_0054_0054.jpg 1 29 13 54 54
0173_0009_0010_0060_0060.jpg 1 9 10 60 60
0174_0015_0032_0059_0059.jpg 1 15 32 59 59
0175_0004_0014_0066_0066.jpg 1 4 14 66 66
0176_0012_0005_0059_0059.jpg 1 12 5 59 59
0177_0022_0063_0028_0028.jpg 1 22 63 28 28
0178_0010_0053_0030_0030.jpg 1 10 53 30 30
0179_0023_0051_0039_0039.jpg 1 23 51 39 39
0180_0016_0014_0069_0069.jpg 1 16 14 69 69
0181_0026_0007_0066_0066.jpg 1 26 7 66 66
0182_0008_0012_0061_0061.jpg 1 8 12 61 61
0183_0013_0019_0068_0068.jpg 1 13 19 68 68
0184_0007_0006_0065_0065.jpg 1 7 6 65 65
0185_0006_0021_0066_0066.jpg 1 6 21 66 66
0186_0008_0029_0067_0067.jpg 1 8 29 67 67
0187_0021_0056_0033_0033.jpg 1 21 56 33 33
0188_0006_0019_0058_0058.jpg 1 6 19 58 58
0189_0038_0045_0025_0025.jpg 1 38 45 25 25
0190_0027_0014_0049_0049.jpg 1 27 14 49 49
0191_0056_0017_0029_0029.jpg 1 56 17 29 29
0192_0039_0022_0054_0054.jpg 1 39 22 54 54
0193_0035_0005_0055_0055.jpg 1 35 5 55 55
0194_0021_0010_0055_0055.jpg 1 21 10 55 55
0195_0025_0015_0034_0034.jpg 1 25 15 34 34
0196_0007_0033_0054_0054.jpg 1 7 33 54 54
0197_0022_0025_0060_0060.jpg 1 22 25 60 60
0198_0009_0026_0067_0067.jpg 1 9 26 67 67
0199_0016_0028_0064_0064.jpg 1 16 28 64 64
0200_0037_0021_0043_0043.jpg 1 37 21 43 43
0201_0022_0024_0041_0041.jpg 1 22 24 41 41
0202_0038_0037_0048_0048.jpg 1 38 37 48 48
0203_0034_0044_0037_0037.jpg 1 34 44 37 37
0204_0038_0022_0055_0055.jpg 1 38 22 55 55
0205_0027_0026_0066_0066.jpg 1 27 26 66 66
0206_0048_0026_0033_0033.jpg 1 48 26 33 33
0207_0030_0020_0061_0061.jpg 1 30 20 61 61
0208_0032_0044_0038_0038.jpg 1 32 44 38 38
0209_0055_0016_0026_0026.jpg 1 55 16 26 26
0210_0017_0031_0040_0040.jpg 1 17 31 40 40
0211_0010_0020_0064_0064.jpg 1 10 20 64 64
0212_0027_0007_0048_0048.jpg 1 27 7 48 48
0213_0036_0012_0051_0051.jpg 1 36 12 51 51
0214_0013_0026_0047_0047.jpg 1 13 26 47 47
0215_0053_0020_0030_0030.jpg 1 53 20 30 30
0216_0060_0022_0033_0033.jpg 1 60 22 33 33
0217_0011_0023_0069_0069.jpg 1 11 23 69 69
0218_0005_0005_0068_0068.jpg 1 5 5 68 68
0219_0024_0025_0059_0059.jpg 1 24 25 59 59
0220_0008_0009_0061_0061.jpg 1 8 9 61 61
0221_0046_0019_0039_0039.jpg 1 46 19 39 39
0222_0025_0013_0068_0068.jpg 1 25 13 68 68
0223_0011_0028_0040_0040.jpg 1 11 28 40 40
0224_0019_0005_0060_0060.jpg 1 19 5 60 60
0225_0045_0037_0034_0034.jpg 1 45 37 34 34
0226_0010_0022_0060_0060.jpg 1 10 22 60 60
0227_0024_0008_0050_0050.jpg 1 24 8 50 50
0228_0016_0031_0055_0055.jpg 1 16 31 55 55
0229_0022_0006_0066_0066.jpg 1 22 6 66 66
0230_0031_0017_0054_0054.jpg 1 31 17 54 54
0231_0035_0033_0027_0027.jpg 1 35 33 27 27
0232_0016_0007_0066_0066.jpg 1 16 7 66 66
0233_0036_0014_0055_0055.jpg 1 36 14 55 55
0234_0058_0059_0024_0024.jpg 1 58 59 24 24
0235_0049_0029_0025_0025.jpg 1 49 29 25 25
0236_0028_0010_0053_0053.jpg 1 28 10 53 53
0237_0022_0007_0067_0067.jpg 1 22 7 67 67
0238_0045_0006_0035_0035.jpg 1 45 6 35 35
0239_0045_0062_0030_0030.jpg 1 45 62 30 30
0240_0018_0030_0052_0052.jpg 1 18 30 52 52
0241_0032_0008_0036_0036.jpg 1 32 8 36 36
0242_0039_0004_0056_0056.jpg 1 39 4 56 56
0243_0049_0049_0028_0028.jpg 1 49 49 28 28
0244_0029_0036_0045_0045.jpg 1 29 36 45 45
0245_0033_0047_0038_0038.jpg 1 33 47 38 38
0246_0036_0013_0053_0053.jpg 1 36 13 53 53
0247_0014_0025_0046_0046.jpg 1 14 25 46 46
0248_0020_0010_0068_0068.jpg 1 20 10 68 68
0249_0016_0020_0059_0059.jpg 1 16 20 59 59
0250_0018_0029_0066_0066.jpg 1 18 29 66 66
0251_0023_0054_0036_0036.jpg 1 23 54 36 36
0252_0031_0027_0059_0059.jpg 1 31 27 59 59
0253_0009_0012_0069_0069.jpg 1 9 12 69 69
0254_0026_0007_0062_0062.jpg 1 26 7 62 62
0255_0047_0049_0039_0039.jpg 1 47 49 39 39
0256_0017_0037_0054_0054.jpg 1 17 37 54 54
0257_0017_0021_0055_0055.jpg 1 17 21 55 55
0258_0023_0011_0062_0062.jpg 1 23 11 62 62
0259_0010_0013_0060_0060.jpg 1 10 13 60 60
0260_0062_0038_0030_0030.jpg 1 62 38 30 30
0261_0037_0012_0054_0054.jpg 1 37 12 54 54
0262_0030_0008_0065_0065.jpg 1 30 8 65 65
0263_0025_0020_0068_0068.jpg 1 25 20 68 68
0264_0021_0049_0041_0041.jpg 1 21 49 41 41
0265_0024_0050_0030_0030.jpg 1 24 50 30 30
0266_0038_0012_0050_0050.jpg 1 38 12 50 50
0267_0061_0009_0026_0026.jpg 1 61 9 26 26
0268_0020_0010_0069_0069.jpg 1 20 10 69 69
0269_0032_0028_0033_0033.jpg 1 32 28 33 33
0270_0026_0009_0066_0066.jpg 1 26 9 66 66
0271_0014_0018_0056_0056.jpg 1 14 18 56 56
0272_0028_0020_0055_0055.jpg 1 28 20 55 55
0273_0056_0035_0036_0036.jpg 1 56 35 36 36
0274_0026_0037_0054_0054.jpg 1 26 37 54 54
0275_0009_0061_0028_0028.jpg 1 9 61 28 28
0276_0009_0020_0049_0049.jpg 1 9 20 49 49
0277_0008_0033_0061_0061.jpg 1 8 33 61 61
0278_0061_0026_0030_0030.jpg 1 61 26 30 30
0279_0033_0035_0051_0051.jpg 1 33 35 51 51
0280_0021_0046_0046_0046.jpg 1 21 46 46 46
0281_0032_0014_0051_0051.jpg 1 32 14 51 51
0282_0008_0024_0057_0057.jpg 1 8 24 57 57
0283_0007_0043_0026_0026.jpg 1 7 43 26 26
0284_0038_0045_0031_0031.jpg 1 38 45 31 31
0285_0040_0030_0047_0047.jpg 1 40 30 47 47
0286_0021_0010_0066_0066.jpg 1 21 10 66 66
0287_0018_0024_0049_0049.jpg 1 18 24 49 49
0288_0015_0037_0036_0036.jpg 1 15 37 36 36
0289_0023_0019_0065_0065.jpg 1 23 19 65 65
0290_0053_0011_0038_0038.jpg 1 53 11 38 38
0291_0014_0039_0052_0052.jpg 1 14 39 52 52
0292_0040_0034_0053_0053.jpg 1 40 34 53 53
0293_0018_0037_0025_0025.jpg 1 18 37 25 25
0294_0023_0029_0033_0033.jpg 1 23 29 33 33
0295_0016_0052_0038_0038.jpg 1 16 52 38 38
0296_0014_0041_0052_0052.jpg 1 14 41 52 52
0297_0054_0044_0026_0026.jpg 1 54 44 26 26
0298_0030_0019_0040_0040.jpg 1 30 19 40 40
0299_0011_0006_0064_0064.jpg 1 11 6 64 64
0300_0017_0030_0030_0030.jpg 1 17 30 30 30
0301_0023_0027_0067_0067.jpg 1 23 27 67 67
0302_0039_0024_0055_0055.jpg 1 39 24 55 55
0303_0016_0010_0069_0069.jpg 1 16 10 69 69
0304_0029_0022_0046_0046.jpg 1 29 22 46 46
0305_0027_0004_0066_0066.jpg 1 27 4 66 66
0306_0029_0034_0035_0035.jpg 1 29 34 35 35
0307_0020_0020_0062_0062.jpg 1 20 20 62 62
0308_0032_0021_0049_0049.jpg 1 32 21 49 49
0309_0030_0033_0038_0038.jpg 1 30 33 38 38
0310_0027_0009_0064_0064.jpg 1 27 9 64 64
0311_0030_0040_0050_0050.jpg 1 30 40 50 50
0312_0020_0032_0056_0056.jpg 1 20 32 56 56
0313_0019_0027_0053_0053.jpg 1 19 27 53 53
0314_0005_0012_0045_0045.jpg 1 5 12 45 45
0315_0025_0020_0037_0037.jpg 1 25 20 37 37
0316_0027_0035_0044_0044.jpg 1 27 35 44 44
0317_0013_0054_0033_0033.jpg 1 13 54 33 33
0318_0007_0011_0050_0050.jpg 1 7 11 50 50
0319_0057_0062_0024_0024.jpg 1 57 62 24 24
0320_0028_0005_0066_0066.jpg 1 28 5 66 66
0321_0015_0014_0040_0040.jpg 1 15 14 40 40
0322_0029_0030_0056_0056.jpg 1 29 30 56 56
0323_0053_0040_0036_0036.jpg 1 53 40 36 36
0324_0006_0043_0048_0048.jpg 1 6 43 48 48
0325_0021_0004_0058_0058.jpg 1 21 4 58 58
0326_0023_0022_0051_0051.jpg 1 23 22 51 51
0327_0015_0029_0050_0050.jpg 1 15 29 50 50
0328_0034_0020_0038_0038.jpg 1 34 20 38 38
0329_0006_0017_0043_0043.jpg 1 6 17 43 43
0330_0050_0046_0040_0040.jpg 1 50 46 40 40
0331_0027_0010_0064_0064.jpg 1 27 10 64 64
0332_0053_0017_0040_0040.jpg 1 53 17 40 40
0333_0025_0034_0053_0053.jpg 1 25 34 53 53
0334_0024_0019_0059_0059.jpg 1 24 19 59 59
0335_0021_0031_0060_0060.jpg 1 21 31 60 60
0336_0024_0018_0065_0065.jpg 1 24 18 65 65
0337_0058_0056_0031_0031.jpg 1 58 56 31 31
0338_0050_0060_0029_0029.jpg 1 50 60 29 29
0339_0016_0035_0060_0060.jpg 1 16 35 60 60
0340_0041_0053_0031_0031.jpg 1 41 53 31 31
0341_0019_0030_0062_0062.jpg 1 19 30 62 62
0342_0057_0038_0031_0031.jpg 1 57 38 31 31
0343_0054_0049_0030_0030.jpg 1 54 49 30 30
0344_0009_0021_0067_0067.jpg 1 9 21 67 67
0345_0023_0020_0068_0068.jpg 1 23 20 68 68
0346_0045_0037_0044_0044.jpg 1 45 37 44 44
0347_0013_0056_0024_0024.jpg 1 13 56 24 24
0348_0006_0005_0058_0058.jpg 1 6 5 58 58
0349_0003_0009_0068_0068.jpg 1 3 9 68 68
0350_0022_0034_0052_0052.jpg 1 22 34 52 52
0351_0026_0012_0069_0069.jpg 1 26 12 69 69
0352_0030_0006_0032_0032.jpg 1 30 6 32 32
0353_0008_0030_0027_0027.jpg 1 8 30 27 27
0354_0015_0027_0067_0067.jpg 1 15 27 67 67
0355_0050_0019_0042_0042.jpg 1 50 19 42 42
0356_0032_0025_0037_0037.jpg 1 32 25 37 37
0357_0024_0013_0068_0068.jpg 1 24 13 68 68
0358_0032_0050_0028_0028.jpg 1 32 50 28 28
0359_0018_0038_0051_0051.jpg 1 18 38 51 51
0360_0009_0054_0036_0036.jpg 1 9 54 36 36
0361_0016_0032_0052_0052.jpg 1 16 32 52 52
0362_0025_0029_0067_0067.jpg 1 25 29 67 67
0363_0024_0016_0055_0055.jpg 1 24 16 55 55
0364_0026_0027_0063_0063.jpg 1 26 27 63 63
0365_0036_0034_0046_0046.jpg 1 36 34 46 46
0366_0017_0033_0058_0058.jpg 1 17 33 58 58
0367_0013_0022_0047_0047.jpg 1 13 22 47 47
0368_0021_0010_0050_0050.jpg 1 21 10 50 50
0369_0020_0019_0035_0035.jpg 1 20 19 35 35
0370_0022_0023_0024_0024.jpg 1 22 23 24 24
0371_0008_0006_0045_0045.jpg 1 8 6 45 45
0372_0028_0041_0029_0029.jpg 1 28 41 29 29
0373_0007_0005_0066_0066.jpg 1 7 5 66 66
0374_0020_0057_0029_0029.jpg 1 20 57 29 29
0375_0016_0003_0067_0067.jpg 1 16 3 67 67
0376_0051_0026_0034_0034.jpg 1 51 26 34 34
0377_0031_0016_0041_0041.jpg 1 31 16 41 41
0378_0009_0018_0057_0057.jpg 1 9 18 57 57
0379_0053_0014_0039_0039.jpg 1 53 14 39 39
0380_0006_0029_0046_0046.jpg 1 6 29 46 46
0381_0044_0007_0050_0050.jpg 1 44 7 50 50
0382_0026_0011_0046_0046.jpg 1 26 11 46 46
0383_0017_0018_0064_0064.jpg 1 17 18 64 64
0384_0040_0015_0038_0038.jpg 1 40 15 38 38
0385_0029_0014_0061_0061.jpg 1 29 14 61 61
0386_0059_0046_0026_0026.jpg 1 59 46 26 26
0387_0049_0048_0040_0040.jpg 1 49 48 40 40
0388_0009_0023_0037_0037.jpg 1 9 23 37 37
0389_0062_0041_0029_0029.jpg 1 62 41 29 29
0390_0023_0013_0067_0067.jpg 1 23 13 67 67
0391_0038_0021_0050_0050.jpg 1 38 21 50 50
0392_0022_0040_0046_0046.jpg 1 22 40 46 46
0393_0023_0007_0043_0043.jpg 1 23 7 43 43
0394_0027_0031_0042_0042.jpg 1 27 31 42 42
0395_0007_0018_0057_0057.jpg 1 7 18 57 57
0396_0040_0026_0048_0048.jpg 1 40 26 48 48
0397_0022_0022_0060_0060.jpg 1 22 22 60 60
0398_0050_0031_0035_0035.jpg 1 50 31 35 35
0399_0010_0033_0027_0027.jpg 1 10 33 27 27
0400_0012_0027_0051_0051.jpg 1 12 27 51 51
0401_0015_0030_0062_0062.jpg 1 15 30 62 62
0402_0019_0021_0069_0069.jpg 1 19 21 69 69
0403_0039_0038_0054_0054.jpg 1 39 38 54 54
0404_0018_0026_0056_0056.jpg 1 18 26 56 56
0405_0031_0019_0063_0063.jpg 1 31 19 63 63
0406_0022_0026_0051_0051.jpg 1 22 26 51 51
0407_0012_0010_0034_0034.jpg 1 12 10 34 34
0408_0021_0040_0038_0038.jpg 1 21 40 38 38
0409_0019_0028_0052_0052.jpg 1 19 28 52 52
0410_0029_0059_0032_0032.jpg 1 29 59 32 32
0411_0019_0005_0061_0061.jpg 1 19 5 61 61
0412_0042_0049_0044_0044.jpg 1 42 49 44 44
0413_0007_0040_0041_0041.jpg 1 7 40 41 41
0414_0016_0018_0068_0068.jpg 1 16 18 68 68
0415_0031_0019_0042_0042.jpg 1 31 19 42 42
0416_0012_0010_0069_0069.jpg 1 12 10 69 69
0417_0030_0042_0032_0032.jpg 1 30 42 32 32
0418_0020_0042_0041_0041.jpg 1 20 42 41 41
0419_0007_0031_0052_0052.jpg 1 7 31 52 52
0420_0056_0037_0030_0030.jpg 1 56 37 30 30
0421_0014_0030_0035_0035.jpg 1 14 30 35 35
0422_0021_0021_0043_0043.jpg 1 21 21 43 43
0423_0008_0021_0040_0040.jpg 1 8 21 40 40
0424_0037_0019_0034_0034.jpg 1 37 19 34 34
0425_0017_0030_0065_0065.jpg 1 17 30 65 65
0426_0019_0031_0051_0051.jpg 1 19 31 51 51
0427_0054_0016_0033_0033.jpg 1 54 16 33 33
0428_0021_0035_0050_0050.jpg 1 21 35 50 50
0429_0029_0048_0042_0042.jpg 1 29 48 42 42
0430_0034_0036_0053_0053.jpg 1 34 36 53 53
0431_0027_0041_0032_0032.jpg 1 27 41 32 32
0432_0011_0030_0048_0048.jpg 1 11 30 48 48
0433_0018_0026_0049_0049.jpg 1 18 26 49 49
0434_0046_0038_0041_0041.jpg 1 46 38 41 41
0435_0047_0024_0025_0025.jpg 1 47 24 25 25
0436_0029_0010_0043_0043.jpg 1 29 10 43 43
0437_0019_0018_0060_0060.jpg 1 19 18 60 60
0438_0014_0042_0036_0036.jpg 1 14 42 36 36
0439_0004_0007_0068_0068.jpg 1 4 7 68 68
0440_0051_0045_0024_0024.jpg 1 51 45 24 24
0441_0013_0020_0064_0064.jpg 1 13 20 64 64
0442_0053_0015_0035_0035.jpg 1 53 15 35 35
0443_0012_0005_0063_0063.jpg 1 12 5 63 63
0444_0013_0007_0052_0052.jpg 1 13 7 52 52
0445_0039_0023_0042_0042.jpg 1 39 23 42 42
0446_0008_0031_0047_0047.jpg 1 8 31 47 47
0447_0031_0055_0033_0033.jpg 1 31 55 33 33
0448_0031_0009_0062_0062.jpg 1 31 9 62 62
0449_0026_0029_0064_0064.jpg 1 26 29 64 64
0450_0021_0003_0069_0069.jpg 1 21 3 69 69
0451_0033_0039_0051_0051.jpg 1 33 39 51 51
0452_0027_0027_0024_0024.jpg 1 27 27 24 24
0453_0050_0028_0035_0035.jpg 1 50 28 35 35
0454_0065_0044_0026_0026.jpg 1 65 44 26 26
0455_0015_0019_0058_0058.jpg 1 15 19 58 58
0456_0027_0030_0046_0046.jpg 1 27 30 46 46
0457_0019_0033_0039_0039.jpg 1 19 33 39 39
0458_0023_0007_0039_0039.jpg 1 23 7 39 39
0459_0039_0015_0055_0055.jpg 1 39 15 55 55
0460_0020_0018_0069_0069.jpg 1 20 18 69 69
0461_0026_0028_0029_0029.jpg 1 26 28 29 29
0462_0046_0026_0032_0032.jpg 1 46 26 32 32
0463_0007_0055_0029_0029.jpg 1 7 55 29 29
0464_0038_0035_0056_0056.jpg 1 38 35 56 56
0465_0019_0015_0050_0050.jpg 1 19 15 50 50
0466_0036_0033_0030_0030.jpg 1 36 33 30 30
0467_0014_0014_0047_0047.jpg 1 14 14 47 47
0468_0025_0028_0055_0055.jpg 1 25 28 55 55
0469_0048_0045_0029_0029.jpg 1 48 45 29 29
0470_0014_0024_0036_0036.jpg 1 14 24 36 36
0471_0042_0031_0024_0024.jpg 1 42 31 24 24
0472_0029_0030_0066_0066.jpg 1 29 30 66 66
0473_0034_0048_0046_0046.jpg 1 34 48 46 46
0474_0013_0044_0031_0031.jpg 1 13 44 31 31
0475_0017_0019_0030_0030.jpg 1 17 19 30 30
0476_0019_0047_0036_0036.jpg 1 19 47 36 36
0477_0031_0024_0048_0048.jpg 1 31 24 48 48
0478_0018_0031_0039_0039.jpg 1 18 31 39 39
0479_0062_0036_0024_0024.jpg 1 62 36 24 24
0480_0008_0010_0069_0069.jpg 1 8 10 69 69
0481_0008_0034_0039_0039.jpg 1 8 34 39 39
0482_0013_0020_0044_0044.jpg 1 13 20 44 44
0483_0026_0047_0032_0032.jpg 1 26 47 32 32
0484_0023_0029_0059_0059.jpg 1 23 29 59 59
0485_0029_0012_0066_0066.jpg 1 29 12 66 66
0486_0037_0014_0046_0046.jpg 1 37 14 46 46
0487_0034_0042_0052_0052.jpg 1 34 42 52 52
0488_0045_0046_0045_0045.jpg 1 45 46 45 45
0489_0018_0042_0044_0044.jpg 1 18 42 44 44
0490_0027_0012_0064_0064.jpg 1 27 12 64 64
0491_0008_0009_0027_0027.jpg 1 8 9 27 27
0492_0012_0010_0062_0062.jpg 1 12 10 62 62
0493_0025_0017_0034_0034.jpg 1 25 17 34 34
0494_0030_0027_0048_0048.jpg 1 30 27 48 48
0495_0030_0038_0055_0055.jpg 1 30 38 55 55
0496_0027_0047_0030_0030.jpg 1 27 47 30 30
0497_0012_0044_0044_0044.jpg 1 12 44 44 44
0498_0013_0029_0039_0039.jpg 1 13 29 39 39
0499_0008_0039_0032_0032.jpg 1 8 39 32 32
0500_0010_0012_0062_0062.jpg 1 10 12 62 62
0501_0009_0042_0024_0024.jpg 1 9 42 24 24
0502_0025_0036_0037_0037.jpg 1 25 36 37 37
0503_0022_0021_0034_0034.jpg 1 22 21 34 34
0504_0029_0027_0042_0042.jpg 1 29 27 42 42
0505_0010_0035_0050_0050.jpg 1 10 35 50 50
0506_0038_0034_0041_0041.jpg 1 38 34 41 41
0507_0033_0005_0049_0049.jpg 1 33 5 49 49
0508_0049_0007_0035_0035.jpg 1 49 7 35 35
0509_0015_0004_0065_0065.jpg 1 15 4 65 65
0510_0043_0026_0024_0024.jpg 1 43 26 24 24
0511_0034_0038_0045_0045.jpg 1 34 38 45 45
0512_0012_0015_0064_0064.jpg 1 12 15 64 64
0513_0046_0035_0046_0046.jpg 1 46 35 46 46
0514_0032_0017_0062_0062.jpg 1 32 17 62 62
0515_0019_0009_0065_0065.jpg 1 19 9 65 65
0516_0012_0051_0041_0041.jpg 1 12 51 41 41
0517_0037_0034_0040_0040.jpg 1 37 34 40 40
0518_0023_0018_0038_0038.jpg 1 23 18 38 38
0519_0053_0036_0025_0025.jpg 1 53 36 25 25
0520_0034_0027_0041_0041.jpg 1 34 27 41 41
0521_0021_0034_0061_0061.jpg 1 21 34 61 61
0522_0025_0042_0049_0049.jpg 1 25 42 49 49
0523_0033_0024_0049_0049.jpg 1 33 24 49 49
0524_0035_0029_0054_0054.jpg 1 35 29 54 54
0525_0047_0012_0038_0038.jpg 1 47 12 38 38
0526_0021_0035_0043_0043.jpg 1 21 35 43 43
0527_0012_0004_0069_0069.jpg 1 12 4 69 69
0528_0060_0039_0024_0024.jpg 1 60 39 24 24
0529_0050_0008_0026_0026.jpg 1 50 8 26 26
0530_0029_0035_0057_0057.jpg 1 29 35 57 57
0531_0036_0031_0054_0054.jpg 1 36 31 54 54
0532_0011_0028_0067_0067.jpg 1 11 28 67 67
0533_0013_0046_0028_0028.jpg 1 13 46 28 28
0534_0012_0031_0065_0065.jpg 1 12 31 65 65
0535_0036_0022_0057_0057.jpg 1 36 22 57 57
0536_0036_0021_0056_0056.jpg 1 36 21 56 56
0537_0045_0030_0047_0047.jpg 1 45 30 47 47
0538_0054_0042_0026_0026.jpg 1 54 42 26 26
0539_0018_0014_0063_0063.jpg 1 18 14 63 63
0540_0056_0030_0037_0037.jpg 1 56 30 37 37
0541_0021_0020_0066_0066.jpg 1 21 20 66 66
0542_0006_0028_0058_0058.jpg 1 6 28 58 58
0543_0026_0025_0046_0046.jpg 1 26 25 46 46
0544_0050_0023_0033_0033.jpg 1 50 23 33 33
0545_0019_0019_0069_0069.jpg 1 19 19 69 69
0546_0006_0023_0042_0042.jpg 1 6 23 42 42
0547_0014_0028_0059_0059.jpg 1 14 28 59 59
0548_0037_0033_0027_0027.jpg 1 37 33 27 27
0549_0004_0007_0062_0062.jpg 1 4 7 62 62
0550_0010_0004_0067_0067.jpg 1 10 4 67 67
0551_0048_0039_0038_0038.jpg 1 48 39 38 38
0552_0041_0049_0030_0030.jpg 1 41 49 30 30
0553_0023_0007_0061_0061.jpg 1 23 7 61 61
0554_0025_0052_0041_0041.jpg 1 25 52 41 41
0555_0034_0023_0041_0041.jpg 1 34 23 41 41
0556_0018_0041_0037_0037.jpg 1 18 41 37 37
0557_0042_0027_0045_0045.jpg 1 42 27 45 45
0558_0015_0014_0056_0056.jpg 1 15 14 56 56
0559_0018_0028_0052_0052.jpg 1 18 28 52 52
0560_0014_0016_0047_0047.jpg 1 14 16 47 47
0561_0038_0011_0035_0035.jpg 1 38 11 35 35
0562_0015_0016_0053_0053.jpg 1 15 16 53 53
0563_0037_0036_0028_0028.jpg 1 37 36 28 28
0564_0028_0033_0043_0043.jpg 1 28 33 43 43
0565_0040_0047_0028_0028.jpg 1 40 47 28 28
0566_0022_0040_0041_0041.jpg 1 22 40 41 41
0567_0006_0024_0057_0057.jpg 1 6 24 57 57
0568_0050_0047_0041_0041.jpg 1 50 47 41 41
0569_0016_0006_0051_0051.jpg 1 16 6 51 51
0570_0018_0011_0049_0049.jpg 1 18 11 49 49
0571_0032_0036_0046_0046.jpg 1 32 36 46 46
0572_0004_0015_0066_0066.jpg 1 4 15 66 66
0573_0042_0010_0046_0046.jpg 1 42 10 46 46
0574_0021_0013_0063_0063.jpg 1 21 13 63 63
0575_0006_0024_0044_0044.jpg 1 6 24 44 44
0576_0014_0035_0042_0042.jpg 1 14 35 42 42
0577_0041_0043_0047_0047.jpg 1 41 43 47 47
0578_0019_0012_0069_0069.jpg 1 19 12 69 69
0579_0023_0013_0042_0042.jpg 1 23 13 42 42
0580_0056_0050_0025_0025.jpg 1 56 50 25 25
0581_0007_0007_0059_0059.jpg 1 7 7 59 59
0582_0023_0025_0064_0064.jpg 1 23 25 64 64
0583_0029_0049_0028_0028.jpg 1 29 49 28 28
0584_0022_0017_0045_0045.jpg 1 22 17 45 45
0585_0005_0035_0045_0045.jpg 1 5 35 45 45
0586_0029_0014_0059_0059.jpg 1 29 14 59 59
0587_0030_0028_0043_0043.jpg 1 30 28 43 43
0588_0017_0011_0060_0060.jpg 1 17 11 60 60
0589_0040_0038_0045_0045.jpg 1 40 38 45 45
0590_0020_0042_0048_0048.jpg 1 20 42 48 48
0591_0006_0023_0048_0048.jpg 1 6 23 48 48
0592_0035_0036_0030_0030.jpg 1 35 36 30 30
0593_0012_0031_0053_0053.jpg 1 12 31 53 53
0594_0040_0049_0039_0039.jpg 1 40 49 39 39
0595_0045_0012_0036_0036.jpg 1 45 12 36 36
0596_0028_0004_0059_0059.jpg 1 28 4 59 59
0597_0049_0033_0043_0043.jpg 1 49 33 43 43
0598_0013_0008_0063_0063.jpg 1 13 8 63 63
0599_0020_0034_0059_0059.jpg 1 20 34 59 59
0600_0027_0018_0064_0064.jpg 1 27 18 64 64
0601_0048_0019_0031_0031.jpg 1 48 19 31 31
0602_0044_0021_0036_0036.jpg 1 44 21 36 36
0603_0057_0017_0026_0026.jpg 1 57 17 26 26
0604_0053_0014_0039_0039.jpg 1 53 14 39 39
0605_0040_0014_0038_0038.jpg 1 40 14 38 38
0606_0021_0036_0046_0046.jpg 1 21 36 46 46
0607_0017_0029_0051_0051.jpg 1 17 29 51 51
0608_0026_0017_0057_0057.jpg 1 26 17 57 57
0609_0024_0055_0031_0031.jpg 1 24 55 31 31
0610_0010_0029_0043_0043.jpg 1 10 29 43 43
0611_0036_0021_0054_0054.jpg 1 36 21 54 54
0612_0052_0015_0026_0026.jpg 1 52 15 26 26
0613_0023_0047_0044_0044.jpg 1 23 47 44 44
0614_0015_0045_0028_0028.jpg 1 15 45 28 28
0615_0049_0043_0044_0044.jpg 1 49 43 44 44
0616_0019_0038_0032_0032.jpg 1 19 38 32 32
0617_0018_0031_0025_0025.jpg 1 18 31 25 25
0618_0029_0007_0059_0059.jpg 1 29 7 59 59
0619_0039_0026_0029_0029.jpg 1 39 26 29 29
0620_0023_0006_0068_0068.jpg 1 23 6 68 68
0621_0023_0016_0067_0067.jpg 1 23 16 67 67
0622_0054_0039_0024_0024.jpg 1 54 39 24 24
0623_0027_0032_0039_0039.jpg 1 27 32 39 39
0624_0044_0007_0050_0050.jpg 1 44 7 50 50
0625_0040_0029_0034_0034.jpg 1 40 29 34 34
0626_0041_0011_0042_0042.jpg 1 41 11 42 42
0627_0057_0025_0026_0026.jpg 1 57 25 26 26
0628_0009_0046_0044_0044.jpg 1 9 46 44 44
0629_0032_0044_0049_0049.jpg 1 32 44 49 49
0630_0027_0021_0047_0047.jpg 1 27 21 47 47
0631_0010_0054_0038_0038.jpg 1 10 54 38 38
0632_0029_0034_0032_0032.jpg 1 29 34 32 32
0633_0043_0057_0031_0031.jpg 1 43 57 31 31
0634_0040_0055_0030_0030.jpg 1 40 55 30 30
0635_0007_0019_0047_0047.jpg 1 7 19 47 47
0636_0027_0009_0062_0062.jpg 1 27 9 62 62
0637_0023_0025_0068_0068.jpg 1 23 25 68 68
0638_0025_0004_0056_0056.jpg 1 25 4 56 56
0639_0040_0028_0037_0037.jpg 1 40 28 37 37
0640_0029_0011_0030_0030.jpg 1 29 11 30 30
0641_0047_0059_0025_0025.jpg 1 47 59 25 25
0642_0027_0032_0051_0051.jpg 1 27 32 51 51
0643_0029_0015_0029_0029.jpg 1 29 15 29 29
0644_0008_0050_0042_0042.jpg 1 8 50 42 42
0645_0041_0035_0037_0037.jpg 1 41 35 37 37
0646_0013_0041_0028_0028.jpg 1 13 41 28 28
0647_0044_0011_0045_0045.jpg 1 44 11 45 45
0648_0027_0009_0065_0065.jpg 1 27 9 65 65
0649_0017_0021_0028_0028.jpg 1 17 21 28 28
0650_0057_0033_0029_0029.jpg 1 57 33 29 29
0651_0020_0028_0067_0067.jpg 1 20 28 67 67
0652_0012_0017_0062_0062.jpg 1 12 17 62 62
0653_0010_0029_0059_0059.jpg 1 10 29 59 59
0654_0031_0022_0033_0033.jpg 1 31 22 33 33
0655_0021_0004_0056_0056.jpg 1 21 4 56 56
0656_0013_0008_0042_0042.jpg 1 13 8 42 42
0657_0025_0026_0054_0054.jpg 1 25 26 54 54
0658_0018_0030_0061_0061.jpg 1 18 30 61 61
0659_0020_0009_0046_0046.jpg 1 20 9 46 46
0660_0005_0021_0066_0066.jpg 1 5 21 66 66
0661_0035_0014_0058_0058.jpg 1 35 14 58 58
0662_0026_0033_0062_0062.jpg 1 26 33 62 62
0663_0017_0024_0052_0052.jpg 1 17 24 52 52
0664_0033_0013_0024_0024.jpg 1 33 13 24 24
0665_0021_0011_0028_0028.jpg 1 21 11 28 28
0666_0030_0013_0054_0054.jpg 1 30 13 54 54
0667_0037_0039_0038_0038.jpg 1 37 39 38 38
0668_0059_0025_0026_0026.jpg 1 59 25 26 26
0669_0008_0036_0051_0051.jpg 1 8 36 51 51
0670_0035_0047_0044_0044.jpg 1 35 47 44 44
0671_0038_0010_0028_0028.jpg 1 38 10 28 28
0672_0029_0017_0025_0025.jpg 1 29 17 25 25
0673_0055_0063_0026_0026.jpg 1 55 63 26 26
0674_0006_0020_0065_0065.jpg 1 6 20 65 65
0675_0008_0025_0041_0041.jpg 1 8 25 41 41
0676_0007_0021_0035_0035.jpg 1 7 21 35 35
0677_0008_0032_0055_0055.jpg 1 8 32 55 55
0678_0009_0008_0048_0048.jpg 1 9 8 48 48
0679_0010_0014_0032_0032.jpg 1 10 14 32 32
0680_0019_0035_0035_0035.jpg 1 19 35 35 35
0681_0039_0023_0024_0024.jpg 1 39 23 24 24
0682_0007_0012_0047_0047.jpg 1 7 12 47 47
0683_0039_0025_0031_0031.jpg 1 39 25 31 31
0684_0008_0007_0041_0041.jpg 1 8 7 41 41
0685_0024_0026_0068_0068.jpg 1 24 26 68 68
0686_0041_0014_0050_0050.jpg 1 41 14 50 50
0687_0015_0029_0051_0051.jpg 1 15 29 51 51
0688_0031_0020_0049_0049.jpg 1 31 20 49 49
0689_0011_0016_0058_0058.jpg 1 11 16 58 58
0690_0007_0055_0029_0029.jpg 1 7 55 29 29
0691_0061_0063_0026_0026.jpg 1 61 63 26 26
0692_0015_0025_0065_0065.jpg 1 15 25 65 65
0693_0035_0012_0026_0026.jpg 1 35 12 26 26
0694_0018_0019_0067_0067.jpg 1 18 19 67 67
0695_0031_0049_0037_0037.jpg 1 31 49 37 37
0696_0027_0027_0038_0038.jpg 1 27 27 38 38
0697_0014_0033_0028_0028.jpg 1 14 33 28 28
0698_0056_0015_0032_0032.jpg 1 56 15 32 32
0699_0031_0056_0028_0028.jpg 1 31 56 28 28
0700_0006_0039_0051_0051.jpg 1 6 39 51 51
0701_0039_0041_0049_0049.jpg 1 39 41 49 49
0702_0058_0042_0025_0025.jpg 1 58 42 25 25
0703_0010_0033_0039_0039.jpg 1 10 33 39 39
0704_0008_0033_0043_0043.jpg 1 8 33 43 43
0705_0037_0031_0051_0051.jpg 1 37 31 51 51
0706_0039_0053_0031_0031.jpg 1 39 53 31 31
0707_0037_0045_0029_0029.jpg 1 37 45 29 29
0708_0019_0031_0046_0046.jpg 1 19 31 46 46
0709_0043_0006_0044_0044.jpg 1 43 6 44 44
0710_0009_0017_0025_0025.jpg 1 9 17 25 25
0711_0008_0027_0062_0062.jpg 1 8 27 62 62
0712_0051_0037_0038_0038.jpg 1 51 37 38 38
0713_0053_0041_0025_0025.jpg 1 53 41 25 25
0714_0029_0030_0063_0063.jpg 1 29 30 63 63
0715_0039_0022_0039_0039.jpg 1 39 22 39 39
0716_0046_0024_0033_0033.jpg 1 46 24 33 33
0717_0008_0010_0062_0062.jpg 1 8 10 62 62
0718_0044_0042_0027_0027.jpg 1 44 42 27 27
0719_0033_0022_0060_0060.jpg 1 33 22 60 60
0720_0039_0036_0051_0051.jpg 1 39 36 51 51
0721_0010_0012_0048_0048.jpg 1 10 12 48 48
0722_0009_0034_0061_0061.jpg 1 9 34 61 61
0723_0057_0056_0028_0028.jpg 1 57 56 28 28
0724_0027_0006_0062_0062.jpg 1 27 6 62 62
0725_0034_0033_0048_0048.jpg 1 34 33 48 48
0726_0040_0011_0040_0040.jpg 1 40 11 40 40
0727_0019_0039_0041_0041.jpg 1 19 39 41 41
0728_0019_0017_0065_0065.jpg 1 19 17 65 65
0729_0034_0033_0043_0043.jpg 1 34 33 43 43
0730_0047_0029_0039_0039.jpg 1 47 29 39 39
0731_0024_0037_0042_0042.jpg 1 24 37 42 42
0732_0049_0032_0043_0043.jpg 1 49 32 43 43
0733_0017_0009_0056_0056.jpg 1 17 9 56 56
0734_0016_0015_0061_0061.jpg 1 16 15 61 61
0735_0036_0019_0058_0058.jpg 1 36 19 58 58
0736_0013_0007_0056_0056.jpg 1 13 7 56 56
0737_0052_0030_0037_0037.jpg 1 52 30 37 37
0738_0005_0041_0049_0049.jpg 1 5 41 49 49
0739_0029_0031_0051_0051.jpg 1 29 31 51 51
0740_0028_0050_0038_0038.jpg 1 28 50 38 38
0741_0017_0025_0069_0069.jpg 1 17 25 69 69
0742_0007_0025_0056_0056.jpg 1 7 25 56 56
0743_0030_0044_0044_0044.jpg 1 30 44 44 44
0744_0031_0005_0057_0057.jpg 1 31 5 57 57
0745_0020_0043_0051_0051.jpg 1 20 43 51 51
0746_0010_0021_0058_0058.jpg 1 10 21 58 58
0747_0058_0048_0031_0031.jpg 1 58 48 31 31
0748_0028_0011_0060_0060.jpg 1 28 11 60 60
0749_0038_0039_0051_0051.jpg 1 38 39 51 51
0750_0016_0019_0047_0047.jpg 1 16 19 47 47
0751_0045_0020_0049_0049.jpg 1 45 20 49 49
0752_0050_0029_0029_0029.jpg 1 50 29 29 29
0753_0010_0010_0027_0027.jpg 1 10 10 27 27
0754_0020_0030_0031_0031.jpg 1 20 30 31 31
0755_0044_0045_0033_0033.jpg 1 44 45 33 33
0756_0023_0015_0057_0057.jpg 1 23 15 57 57
0757_0028_0018_0064_0064.jpg 1 28 18 64 64
0758_0015_0021_0037_0037.jpg 1 15 21 37 37
0759_0040_0019_0046_0046.jpg 1 40 19 46 46
0760_0019_0039_0044_0044.jpg 1 19 39 44 44
0761_0013_0043_0043_0043.jpg 1 13 43 43 43
0762_0026_0009_0065_0065.jpg 1 26 9 65 65
0763_0044_0016_0049_0049.jpg 1 44 16 49 49
0764_0012_0008_0051_0051.jpg 1 12 8 51 51
0765_0006_0024_0063_0063.jpg 1 6 24 63 63
0766_0036_0047_0033_0033.jpg 1 36 47 33 33
0767_0030_0032_0032_0032.jpg 1 30 32 32 32
0768_0040_0016_0039_0039.jpg 1 40 16 39 39
0769_0039_0021_0030_0030.jpg 1 39 21 30 30
0770_0006_0030_0039_0039.jpg 1 6 30 39 39
0771_0036_0024_0048_0048.jpg 1 36 24 48 48
0772_0006_0014_0051_0051.jpg 1 6 14 51 51
0773_0018_0009_0047_0047.jpg 1 18 9 47 47
0774_0023_0036_0039_0039.jpg 1 23 36 39 39
0775_0031_0031_0054_0054.jpg 1 31 31 54 54
0776_0057_0009_0026_0026.jpg 1 57 9 26 26
0777_0024_0018_0058_0058.jpg 1 24 18 58 58
0778_0019_0008_0055_0055.jpg 1 19 8 55 55
0779_0030_0041_0033_0033.jpg 1 30 41 33 33
0780_0032_0016_0059_0059.jpg 1 32 16 59 59
0781_0030_0011_0062_0062.jpg 1 30 11 62 62
0782_0012_0010_0050_0050.jpg 1 12 10 50 50
0783_0055_0046_0034_0034.jpg 1 55 46 34 34
0784_0014_0017_0037_0037.jpg 1 14 17 37 37
0785_0019_0042_0052_0052.jpg 1 19 42 52 52
0786_0045_0023_0046_0046.jpg 1 45 23 46 46
0787_0057_0056_0024_0024.jpg 1 57 56 24 24
0788_0015_0011_0056_0056.jpg 1 15 11 56 56
0789_0015_0005_0064_0064.jpg 1 15 5 64 64
0790_0013_0047_0040_0040.jpg 1 13 47 40 40
0791_0056_0055_0036_0036.jpg 1 56 55 36 36
0792_0008_0041_0047_0047.jpg 1 8 41 47 47
0793_0037_0028_0052_0052.jpg 1 37 28 52 52
0794_0033_0045_0049_0049.jpg 1 33 45 49 49
0795_0024_0031_0044_0044.jpg 1 24 31 44 44
0796_0021_0004_0061_0061.jpg 1 21 4 61 61
0797_0041_0036_0039_0039.jpg 1 41 36 39 39
0798_0018_0029_0067_0067.jpg 1 18 29 67 67
0799_0019_0022_0065_0065.jpg 1 19 22 65 65
0800_0034_0031_0057_0057.jpg 1 34 31 57 57
0801_0053_0036_0033_0033.jpg 1 53 36 33 33
0802_0020_0022_0068_0068.jpg 1 20 22 68 68
0803_0043_0031_0049_0049.jpg 1 43 31 49 49
0804_0007_0023_0044_0044.jpg 1 7 23 44 44
0805_0032_0038_0027_0027.jpg 1 32 38 27 27
0806_0057_0009_0034_0034.jpg 1 57 9 34 34
0807_0032_0021_0056_0056.jpg 1 32 21 56 56
0808_0016_0009_0049_0049.jpg 1 16 9 49 49
0809_0016_0029_0062_0062.jpg 1 16 29 62 62
0810_0024_0028_0046_0046.jpg 1 24 28 46 46
0811_0035_0028_0046_0046.jpg 1 35 28 46 46
0812_0009_0022_0041_0041.jpg 1 9 22 41 41
0813_0020_0029_0064_0064.jpg 1 20 29 64 64
0814_0040_0014_0048_0048.jpg 1 40 14 48 48
0815_0037_0044_0044_0044.jpg 1 37 44 44 44
0816_0016_0030_0046_0046.jpg 1 16 30 46 46
0817_0028_0030_0061_0061.jpg 1 28 30 61 61
0818_0009_0016_0069_0069.jpg 1 9 16 69 69
0819_0029_0043_0042_0042.jpg 1 29 43 42 42
0820_0020_0034_0042_0042.jpg 1 20 34 42 42
0821_0012_0039_0024_0024.jpg 1 12 39 24 24
0822_0059_0058_0032_0032.jpg 1 59 58 32 32
0823_0012_0014_0042_0042.jpg 1 12 14 42 42
0824_0034_0014_0049_0049.jpg 1 34 14 49 49
0825_0041_0011_0031_0031.jpg 1 41 11 31 31
0826_0014_0008_0044_0044.jpg 1 14 8 44 44
0827_0043_0007_0032_0032.jpg 1 43 7 32 32
0828_0032_0036_0048_0048.jpg 1 32 36 48 48
0829_0041_0019_0035_0035.jpg 1 41 19 35 35
0830_0033_0016_0048_0048.jpg 1 33 16 48 48
0831_0010_0051_0038_0038.jpg 1 10 51 38 38
0832_0062_0055_0029_0029.jpg 1 62 55 29 29
0833_0039_0032_0055_0055.jpg 1 39 32 55 55
0834_0021_0012_0044_0044.jpg 1 21 12 44 44
0835_0008_0011_0032_0032.jpg 1 8 11 32 32
0836_0014_0021_0061_0061.jpg 1 14 21 61 61
0837_0019_0023_0069_0069.jpg 1 19 23 69 69
0838_0049_0053_0029_0029.jpg 1 49 53 29 29
0839_0024_0048_0045_0045.jpg 1 24 48 45 45
0840_0010_0038_0045_0045.jpg 1 10 38 45 45
0841_0040_0057_0036_0036.jpg 1 40 57 36 36
0842_0050_0015_0035_0035.jpg 1 50 15 35 35
0843_0010_0037_0041_0041.jpg 1 10 37 41 41
0844_0008_0007_0059_0059.jpg 1 8 7 59 59
0845_0024_0004_0054_0054.jpg 1 24 4 54 54
0846_0037_0009_0057_0057.jpg 1 37 9 57 57
0847_0037_0044_0041_0041.jpg 1 37 44 41 41
0848_0035_0044_0045_0045.jpg 1 35 44 45 45
0849_0018_0007_0045_0045.jpg 1 18 7 45 45
0850_0022_0030_0054_0054.jpg 1 22 30 54 54
0851_0025_0013_0068_0068.jpg 1 25 13 68 68
0852_0029_0027_0066_0066.jpg 1 29 27 66 66
0853_0012_0022_0060_0060.jpg 1 12 22 60 60
0854_0013_0034_0055_0055.jpg 1 13 34 55 55
0855_0021_0031_0039_0039.jpg 1 21 31 39 39
0856_0035_0007_0049_0049.jpg 1 35 7 49 49
0857_0018_0009_0046_0046.jpg 1 18 9 46 46
0858_0012_0009_0062_0062.jpg 1 12 9 62 62
0859_0014_0043_0050_0050.jpg 1 14 43 50 50
0860_0036_0024_0056_0056.jpg 1 36 24 56 56
0861_0007_0047_0037_0037.jpg 1 7 47 37 37
0862_0046_0020_0040_0040.jpg 1 46 20 40 40
0863_0042_0013_0044_0044.jpg 1 42 13 44 44
0864_0036_0016_0051_0051.jpg 1 36 16 51 51
0865_0045_0031_0030_0030.jpg 1 45 31 30 30
0866_0019_0037_0055_0055.jpg 1 19 37 55 55
0867_0017_0041_0046_0046.jpg 1 17 41 46 46
0868_0014_0025_0059_0059.jpg 1 14 25 59 59
0869_0016_0028_0052_0052.jpg 1 16 28 52 52
0870_0009_0013_0068_0068.jpg 1 9 13 68 68
0871_0028_0016_0059_0059.jpg 1 28 16 59 59
0872_0026_0033_0044_0044.jpg 1 26 33 44 44
0873_0021_0059_0024_0024.jpg 1 21 59 24 24
0874_0050_0044_0029_0029.jpg 1 50 44 29 29
0875_0036_0013_0058_0058.jpg 1 36 13 58 58
0876_0020_0030_0029_0029.jpg 1 20 30 29 29
0877_0029_0033_0061_0061.jpg 1 29 33 61 61
0878_0014_0007_0064_0064.jpg 1 14 7 64 64
0879_0021_0032_0060_0060.jpg 1 21 32 60 60
0880_0038_0006_0048_0048.jpg 1 38 6 48 48
0881_0031_0023_0050_0050.jpg 1 31 23 50 50
0882_0007_0057_0031_0031.jpg 1 7 57 31 31
0883_0038_0054_0030_0030.jpg 1 38 54 30 30
0884_0006_0011_0039_0039.jpg 1 6 11 39 39
0885_0005_0024_0068_0068.jpg 1 5 24 68 68
0886_0052_0058_0031_0031.jpg 1 52 58 31 31
0887_0045_0022_0049_0049.jpg 1 45 22 49 49
0888_0020_0028_0057_0057.jpg 1 20 28 57 57
0889_0010_0009_0057_0057.jpg 1 10 9 57 57
0890_0028_0033_0038_0038.jpg 1 28 33 38 38
0891_0034_0012_0031_0031.jpg 1 34 12 31 31
0892_0027_0008_0064_0064.jpg 1 27 8 64 64
0893_0043_0052_0034_0034.jpg 1 43 52 34 34
0894_0012_0034_0050_0050.jpg 1 12 34 50 50
0895_0019_0020_0041_0041.jpg 1 19 20 41 41
0896_0020_0037_0030_0030.jpg 1 20 37 30 30
0897_0024_0043_0032_0032.jpg 1 24 43 32 32
0898_0011_0031_0049_0049.jpg 1 11 31 49 49
0899_0007_0012_0050_0050.jpg 1 7 12 50 50
0900_0024_0017_0057_0057.jpg 1 24 17 57 57
0901_0025_0008_0044_0044.jpg 1 25 8 44 44
0902_0032_0034_0061_0061.jpg 1 32 34 61 61
0903_0007_0028_0047_0047.jpg 1 7 28 47 47
0904_0030_0018_0063_0063.jpg 1 30 18 63 63
0905_0028_0039_0043_0043.jpg 1 28 39 43 43
0906_0041_0018_0046_0046.jpg 1 41 18 46 46
0907_0032_0032_0035_0035.jpg 1 32 32 35 35
0908_0030_0021_0059_0059.jpg 1 30 21 59 59
0909_0026_0024_0056_0056.jpg 1 26 24 56 56
0910_0011_0046_0047_0047.jpg 1 11 46 47 47
0911_0037_0011_0058_0058.jpg 1 37 11 58 58
0912_0059_0059_0024_0024.jpg 1 59 59 24 24
0913_0014_0018_0067_0067.jpg 1 14 18 67 67
0914_0058_0027_0029_0029.jpg 1 58 27 29 29
0915_0009_0012_0034_0034.jpg 1 9 12 34 34
0916_0041_0013_0032_0032.jpg 1 41 13 32 32
0917_0029_0011_0065_0065.jpg 1 29 11 65 65
0918_0014_0005_0057_0057.jpg 1 14 5 57 57
0919_0034_0007_0059_0059.jpg 1 34 7 59 59
0920_0009_0006_0055_0055.jpg 1 9 6 55 55
0921_0032_0008_0052_0052.jpg 1 32 8 52 52
0922_0045_0042_0025_0025.jpg 1 45 42 25 25
0923_0038_0039_0039_0039.jpg 1 38 39 39 39
0924_0027_0043_0026_0026.jpg 1 27 43 26 26
0925_0026_0006_0064_0064.jpg 1 26 6 64 64
0926_0012_0024_0037_0037.jpg 1 12 24 37 37
0927_0020_0009_0050_0050.jpg 1 20 9 50 50
0928_0017_0012_0050_0050.jpg 1 17 12 50 50
0929_0024_0057_0033_0033.jpg 1 24 57 33 33
0930_0022_0051_0030_0030.jpg 1 22 51 30 30
0931_0047_0047_0042_0042.jpg 1 47 47 42 42
0932_0020_0022_0052_0052.jpg 1 20 22 52 52
0933_0026_0039_0052_0052.jpg 1 26 39 52 52
0934_0013_0020_0068_0068.jpg 1 13 20 68 68
0935_0034_0023_0035_0035.jpg 1 34 23 35 35
0936_0047_0015_0047_0047.jpg 1 47 15 47 47
0937_0055_0053_0028_0028.jpg 1 55 53 28 28
0938_0049_0009_0041_0041.jpg 1 49 9 41 41
0939_0015_0008_0043_0043.jpg 1 15 8 43 43
0940_0007_0013_0048_0048.jpg 1 7 13 48 48
0941_0038_0015_0050_0050.jpg 1 38 15 50 50
0942_0034_0023_0054_0054.jpg 1 34 23 54 54
0943_0049_0057_0026_0026.jpg 1 49 57 26 26
0944_0030_0011_0056_0056.jpg 1 30 11 56 56
0945_0030_0057_0029_0029.jpg 1 30 57 29 29
0946_0030_0016_0027_0027.jpg 1 30 16 27 27
0947_0057_0022_0026_0026.jpg 1 57 22 26 26
0948_0033_0010_0057_0057.jpg 1 33 10 57 57
0949_0012_0053_0030_0030.jpg 1 12 53 30 30
0950_0010_0036_0027_0027.jpg 1 10 36 27 27
0951_0012_0012_0064_0064.jpg 1 12 12 64 64
0952_0014_0010_0069_0069.jpg 1 14 10 69 69
0953_0008_0046_0048_0048.jpg 1 8 46 48 48
0954_0033_0008_0051_0051.jpg 1 33 8 51 51
0955_0045_0027_0041_0041.jpg 1 45 27 41 41
0956_0027_0007_0025_0025.jpg 1 27 7 25 25
0957_0064_0015_0026_0026.jpg 1 64 15 26 26
0958_0012_0014_0060_0060.jpg 1 12 14 60 60
0959_0010_0047_0042_0042.jpg 1 10 47 42 42
0960_0037_0035_0027_0027.jpg 1 37 35 27 27
0961_0012_0028_0054_0054.jpg 1 12 28 54 54
0962_0026_0044_0036_0036.jpg 1 26 44 36 36
0963_0012_0017_0050_0050.jpg 1 12 17 50 50
0964_0028_0030_0059_0059.jpg 1 28 30 59 59
0965_0044_0005_0049_0049.jpg 1 44 5 49 49
0966_0024_0027_0063_0063.jpg 1 24 27 63 63
0967_0033_0015_0024_0024.jpg 1 33 15 24 24
0968_0027_0028_0067_0067.jpg 1 27 28 67 67
0969_0038_0023_0056_0056.jpg 1 38 23 56 56
0970_0038_0030_0049_0049.jpg 1 38 30 49 49
0971_0024_0005_0047_0047.jpg 1 24 5 47 47
0972_0005_0021_0069_0069.jpg 1 5 21 69 69
0973_0022_0026_0045_0045.jpg 1 22 26 45 45
0974_0014_0008_0066_0066.jpg 1 14 8 66 66
0975_0030_0018_0032_0032.jpg 1 30 18 32 32
0976_0057_0052_0032_0032.jpg 1 57 52 32 32
0977_0006_0021_0041_0041.jpg 1 6 21 41 41
0978_0025_0016_0061_0061.jpg 1 25 16 61 61
0979_0016_0013_0059_0059.jpg 1 16 13 59 59
0980_0013_0015_0057_0057.jpg 1 13 15 57 57
0981_0040_0042_0028_0028.jpg 1 40 42 28 28
0982_0027_0027_0053_0053.jpg 1 27 27 53 53
0983_0031_0024_0056_0056.jpg 1 31 24 56 56
0984_0012_0025_0068_0068.jpg 1 12 25 68 68
0985_0005_0043_0048_0048.jpg 1 5 43 48 48
0986_0027_0016_0065_0065.jpg 1 27 16 65 65
0987_0046_0028_0043_0043.jpg 1 46 28 43 43
0988_0025_0037_0035_0035.jpg 1 25 37 35 35
0989_0004_0013_0056_0056.jpg 1 4 13 56 56
0990_0006_0014_0052_0052.jpg 1 6 14 52 52
0991_0025_0025_0040_0040.jpg 1 25 25 40 40
0992_0017_0058_0030_0030.jpg 1 17 58 30 30
0993_0026_0029_0033_0033.jpg 1 26 29 33 33
0994_0022_0014_0068_0068.jpg 1 22 14 68 68
0995_0004_0006_0068_0068.jpg 1 4 6 68 68
0996_0035_0033_0033_0033.jpg 1 35 33 33 33
0997_0038_0030_0043_0043.jpg 1 38 30 43 43
0998_0019_0016_0060_0060.jpg 1 19 16 60 60
0999_0013_0036_0050_0050.jpg 1 13 36 50 50
1000_0011_0049_0033_0033.jpg 1 11 49 33 33
1001_0008_0027_0051_0051.jpg 1 8 27 51 51
1002_0017_0012_0069_0069.jpg 1 17 12 69 69
1003_0008_0019_0028_0028.jpg 1 8 19 28 28
1004_0021_0025_0042_0042.jpg 1 21 25 42 42
1005_0030_0008_0060_0060.jpg 1 30 8 60 60
1006_0012_0012_0069_0069.jpg 1 12 12 69 69
1007_0011_0017_0045_0045.jpg 1 11 17 45 45
1008_0024_0011_0037_0037.jpg 1 24 11 37 37
1009_0030_0050_0040_0040.jpg 1 30 50 40 40
1010_0020_0027_0031_0031.jpg 1 20 27 31 31
1011_0018_0037_0057_0057.jpg 1 18 37 57 57
1012_0027_0027_0037_0037.jpg 1 27 27 37 37
1013_0039_0043_0033_0033.jpg 1 39 43 33 33
1014_0038_0033_0049_0049.jpg 1 38 33 49 49
1015_0029_0027_0056_0056.jpg 1 29 27 56 56
1016_0038_0040_0053_0053.jpg 1 38 40 53 53
1017_0027_0009_0041_0041.jpg 1 27 9 41 41
1018_0039_0033_0053_0053.jpg 1 39 33 53 53
1019_0024_0007_0041_0041.jpg 1 24 7 41 41
1020_0023_0032_0057_0057.jpg 1 23 32 57 57
1021_0025_0044_0034_0034.jpg 1 25 44 34 34
1022_0008_0020_0030_0030.jpg 1 8 20 30 30
1023_0063_0008_0025_0025.jpg 1 63 8 25 25
1024_0023_0004_0052_0052.jpg 1 23 4 52 52
1025_0065_0048_0027_0027.jpg 1 65 48 27 27
1026_0043_0013_0050_0050.jpg 1 43 13 50 50
1027_0045_0023_0041_0041.jpg 1 45 23 41 41
1028_0011_0036_0035_0035.jpg 1 11 36 35 35
1029_0022_0032_0026_0026.jpg 1 22 32 26 26
1030_0024_0062_0028_0028.jpg 1 24 62 28 28
1031_0013_0029_0033_0033.jpg 1 13 29 33 33
1032_0053_0062_0025_0025.jpg 1 53 62 25 25
1033_0009_0042_0035_0035.jpg 1 9 42 35 35
1034_0036_0049_0037_0037.jpg 1 36 49 37 37
1035_0012_0031_0053_0053.jpg 1 12 31 53 53
1036_0023_0025_0035_0035.jpg 1 23 25 35 35
1037_0026_0019_0065_0065.jpg 1 26 19 65 65
1038_0049_0021_0040_0040.jpg 1 49 21 40 40
1039_0015_0007_0026_0026.jpg 1 15 7 26 26
1040_0016_0007_0065_0065.jpg 1 16 7 65 65
1041_0025_0021_0030_0030.jpg 1 25 21 30 30
1042_0027_0054_0025_0025.jpg 1 27 54 25 25
1043_0048_0027_0024_0024.jpg 1 48 27 24 24
1044_0030_0006_0066_0066.jpg 1 30 6 66 66
1045_0023_0027_0059_0059.jpg 1 23 27 59 59
1046_0009_0021_0061_0061.jpg 1 9 21 61 61
1047_0046_0014_0025_0025.jpg 1 46 14 25 25
1048_0028_0016_0066_0066.jpg 1 28 16 66 66
1049_0030_0019_0028_0028.jpg 1 30 19 28 28
1050_0008_0029_0056_0056.jpg 1 8 29 56 56
1051_0006_0017_0062_0062.jpg 1 6 17 62 62
1052_0036_0006_0056_0056.jpg 1 36 6 56 56
1053_0050_0008_0042_0042.jpg 1 50 8 42 42
1054_0028_0010_0063_0063.jpg 1 28 10 63 63
1055_0018_0025_0029_0029.jpg 1 18 25 29 29
1056_0022_0012_0064_0064.jpg 1 22 12 64 64
1057_0045_0011_0035_0035.jpg 1 45 11 35 35
1058_0033_0025_0025_0025.jpg 1 33 25 25 25
1059_0021_0030_0063_0063.jpg 1 21 30 63 63
1060_0005_0015_0048_0048.jpg 1 5 15 48 48
1061_0024_0010_0061_0061.jpg 1 24 10 61 61
1062_0048_0047_0031_0031.jpg 1 48 47 31 31
1063_0026_0017_0038_0038.jpg 1 26 17 38 38
1064_0018_0049_0042_0042.jpg 1 18 49 42 42
1065_0013_0025_0038_0038.jpg 1 13 25 38 38
1066_0013_0011_0066_0066.jpg 1 13 11 66 66
1067_0045_0013_0039_0039.jpg 1 45 13 39 39
1068_0009_0011_0055_0055.jpg 1 9 11 55 55
1069_0065_0029_0024_0024.jpg 1 65 29 24 24
1070_0005_0027_0068_0068.jpg 1 5 27 68 68
1071_0022_0015_0051_0051.jpg 1 22 15 51 51
1072_0056_0043_0031_0031.jpg 1 56 43 31 31
1073_0027_0038_0053_0053.jpg 1 27 38 53 53
1074_0009_0016_0030_0030.jpg 1 9 16 30 30
1075_0012_0007_0068_0068.jpg 1 12 7 68 68
1076_0037_0021_0028_0028.jpg 1 37 21 28 28
1077_0035_0027_0052_0052.jpg 1 35 27 52 52
1078_0022_0024_0059_0059.jpg 1 22 24 59 59
1079_0024_0013_0068_0068.jpg 1 24 13 68 68
1080_0008_0048_0039_0039.jpg 1 8 48 39 39
1081_0019_0023_0069_0069.jpg 1 19 23 69 69
1082_0020_0024_0056_0056.jpg 1 20 24 56 56
1083_0007_0014_0062_0062.jpg 1 7 14 62 62
1084_0030_0014_0047_0047.jpg 1 30 14 47 47
1085_0038_0017_0051_0051.jpg 1 38 17 51 51
1086_0033_0022_0036_0036.jpg 1 33 22 36 36
1087_0053_0021_0024_0024.jpg 1 53 21 24 24
1088_0007_0015_0069_0069.jpg 1 7 15 69 69
1089_0023_0013_0059_0059.jpg 1 23 13 59 59
1090_0023_0034_0057_0057.jpg 1 23 34 57 57
1091_0007_0008_0067_0067.jpg 1 7 8 67 67
1092_0050_0055_0034_0034.jpg 1 50 55 34 34
1093_0041_0016_0048_0048.jpg 1 41 16 48 48
1094_0004_0025_0069_0069.jpg 1 4 25 69 69
1095_0034_0012_0049_0049.jpg 1 34 12 49 49
1096_0033_0040_0029_0029.jpg 1 33 40 29 29
1097_0046_0031_0029_0029.jpg 1 46 31 29 29
1098_0033_0030_0060_0060.jpg 1 33 30 60 60
1099_0039_0049_0043_0043.jpg 1 39 49 43 43
1100_0020_0033_0055_0055.jpg 1 20 33 55 55
1101_0050_0018_0025_0025.jpg 1 50 18 25 25
1102_0028_0021_0032_0032.jpg 1 28 21 32 32
1103_0007_0041_0042_0042.jpg 1 7 41 42 42
1104_0028_0011_0061_0061.jpg 1 28 11 61 61
1105_0026_0021_0067_0067.jpg 1 26 21 67 67
1106_0042_0018_0051_0051.jpg 1 42 18 51 51
1107_0023_0033_0059_0059.jpg 1 23 33 59 59
1108_0010_0010_0066_0066.jpg 1 10 10 66 66
1109_0005_0010_0058_0058.jpg 1 5 10 58 58
1110_0005_0016_0069_0069.jpg 1 5 16 69 69
1111_0020_0007_0053_0053.jpg 1 20 7 53 53
1112_0028_0031_0053_0053.jpg 1 28 31 53 53
1113_0023_0029_0057_0057.jpg 1 23 29 57 57
1114_0033_0021_0039_0039.jpg 1 33 21 39 39
1115_0029_0027_0061_0061.jpg 1 29 27 61 61
1116_0034_0017_0046_0046.jpg 1 34 17 46 46
1117_0012_0019_0068_0068.jpg 1 12 19 68 68
1118_0007_0031_0042_0042.jpg 1 7 31 42 42
1119_0028_0009_0061_0061.jpg 1 28 9 61 61
1120_0038_0027_0048_0048.jpg 1 38 27 48 48
1121_0032_0049_0027_0027.jpg 1 32 49 27 27
1122_0037_0026_0036_0036.jpg 1 37 26 36 36
1123_0035_0042_0050_0050.jpg 1 35 42 50 50
1124_0029_0031_0061_0061.jpg 1 29 31 61 61
1125_0024_0014_0059_0059.jpg 1 24 14 59 59
1126_0046_0019_0037_0037.jpg 1 46 19 37 37
1127_0020_0013_0068_0068.jpg 1 20 13 68 68
1128_0020_0005_0067_0067.jpg 1 20 5 67 67
1129_0038_0049_0041_0041.jpg 1 38 49 41 41
1130_0015_0026_0067_0067.jpg 1 15 26 67 67
1131_0020_0030_0038_0038.jpg 1 20 30 38 38
1132_0019_0036_0050_0050.jpg 1 19 36 50 50
1133_0042_0037_0029_0029.jpg 1 42 37 29 29
1134_0010_0050_0031_0031.jpg 1 10 50 31 31
1135_0006_0008_0049_0049.jpg 1 6 8 49 49
1136_0015_0034_0055_0055.jpg 1 15 34 55 55
1137_0023_0021_0026_0026.jpg 1 23 21 26 26
1138_0035_0031_0057_0057.jpg 1 35 31 57 57
1139_0028_0025_0036_0036.jpg 1 28 25 36 36
1140_0036_0020_0042_0042.jpg 1 36 20 42 42
1141_0049_0024_0026_0026.jpg 1 49 24 26 26
1142_0005_0036_0053_0053.jpg 1 5 36 53 53
1143_0026_0009_0058_0058.jpg 1 26 9 58 58
1144_0019_0008_0061_0061.jpg 1 19 8 61 61
1145_0016_0023_0059_0059.jpg 1 16 23 59 59
1146_0017_0011_0065_0065.jpg 1 17 11 65 65
1147_0035_0009_0032_0032.jpg 1 35 9 32 32
1148_0023_0021_0064_0064.jpg 1 23 21 64 64
1149_0021_0005_0046_0046.jpg 1 21 5 46 46
1150_0023_0043_0038_0038.jpg 1 23 43 38 38
1151_0022_0038_0050_0050.jpg 1 22 38 50 50
1152_0027_0005_0069_0069.jpg 1 27 5 69 69
1153_0012_0052_0040_0040.jpg 1 12 52 40 40
1154_0064_0042_0026_0026.jpg 1 64 42 26 26
1155_0036_0022_0051_0051.jpg 1 36 22 51 51
1156_0049_0036_0038_0038.jpg 1 49 36 38 38
1157_0040_0008_0048_0048.jpg 1 40 8 48 48
1158_0046_0030_0035_0035.jpg 1 46 30 35 35
1159_0010_0061_0030_0030.jpg 1 10 61 30 30
1160_0044_0041_0035_0035.jpg 1 44 41 35 35
1161_0013_0041_0038_0038.jpg 1 13 41 38 38
1162_0012_0031_0047_0047.jpg 1 12 31 47 47
1163_0021_0028_0059_0059.jpg 1 21 28 59 59
1164_0020_0013_0057_0057.jpg 1 20 13 57 57
1165_0009_0003_0069_0069.jpg 1 9 3 69 69
1166_0029_0017_0037_0037.jpg 1 29 17 37 37
1167_0031_0029_0058_0058.jpg 1 31 29 58 58
1168_0036_0016_0045_0045.jpg 1 36 16 45 45
1169_0019_0020_0053_0053.jpg 1 19 20 53 53
1170_0022_0040_0054_0054.jpg 1 22 40 54 54
1171_0016_0041_0045_0045.jpg 1 16 41 45 45
1172_0050_0022_0040_0040.jpg 1 50 22 40 40
1173_0051_0030_0032_0032.jpg 1 51 30 32 32
1174_0024_0017_0051_0051.jpg 1 24 17 51 51
1175_0010_0030_0040_0040.jpg 1 10 30 40 40
1176_0038_0030_0026_0026.jpg 1 38 30 26 26
1177_0023_0018_0057_0057.jpg 1 23 18 57 57
1178_0038_0026_0054_0054.jpg 1 38 26 54 54
1179_0031_0007_0059_0059.jpg 1 31 7 59 59
1180_0017_0012_0060_0060.jpg 1 17 12 60 60
1181_0021_0026_0060_0060.jpg 1 21 26 60 60
1182_0062_0054_0029_0029.jpg 1 62 54 29 29
1183_0044_0038_0035_0035.jpg 1 44 38 35 35
1184_0033_0027_0057_0057.jpg 1 33 27 57 57
1185_0018_0033_0054_0054.jpg 1 18 33 54 54
1186_0004_0031_0063_0063.jpg 1 4 31 63 63
1187_0010_0044_0047_0047.jpg 1 10 44 47 47
1188_0046_0040_0046_0046.jpg 1 46 40 46 46
1189_0040_0009_0048_0048.jpg 1 40 9 48 48
1190_0049_0006_0036_0036.jpg 1 49 6 36 36
1191_0006_0020_0039_0039.jpg 1 6 20 39 39
1192_0011_0024_0030_0030.jpg 1 11 24 30 30
1193_0054_0016_0038_0038.jpg 1 54 16 38 38
1194_0028_0021_0064_0064.jpg 1 28 21 64 64
1195_0015_0034_0047_0047.jpg 1 15 34 47 47
1196_0029_0020_0024_0024.jpg 1 29 20 24 24
1197_0029_0063_0027_0027.jpg 1 29 63 27 27
1198_0015_0042_0053_0053.jpg 1 15 42 53 53
1199_0039_0013_0044_0044.jpg 1 39 13 44 44
1200_0004_0013_0065_0065.jpg 1 4 13 65 65
1201_0051_0029_0039_0039.jpg 1 51 29 39 39
1202_0036_0014_0041_0041.jpg 1 36 14 41 41
1203_0029_0016_0060_0060.jpg 1 29 16 60 60
1204_0015_0034_0060_0060.jpg 1 15 34 60 60
1205_0023_0057_0028_0028.jpg 1 23 57 28 28
1206_0032_0039_0030_0030.jpg 1 32 39 30 30
1207_0012_0033_0061_0061.jpg 1 12 33 61 61
1208_0007_0039_0055_0055.jpg 1 7 39 55 55
1209_0014_0009_0046_0046.jpg 1 14 9 46 46
1210_0039_0024_0035_0035.jpg 1 39 24 35 35
1211_0033_0049_0044_0044.jpg 1 33 49 44 44
1212_0043_0018_0045_0045.jpg 1 43 18 45 45
1213_0016_0022_0063_0063.jpg 1 16 22 63 63
1214_0055_0058_0034_0034.jpg 1 55 58 34 34
1215_0012_0008_0035_0035.jpg 1 12 8 35 35
1216_0036_0042_0038_0038.jpg 1 36 42 38 38
1217_0041_0034_0049_0049.jpg 1 41 34 49 49
1218_0048_0018_0039_0039.jpg 1 48 18 39 39
1219_0026_0032_0054_0054.jpg 1 26 32 54 54
1220_0036_0039_0032_0032.jpg 1 36 39 32 32
1221_0053_0016_0037_0037.jpg 1 53 16 37 37
1222_0066_0022_0026_0026.jpg 1 66 22 26 26
1223_0034_0014_0048_0048.jpg 1 34 14 48 48
1224_0009_0004_0068_0068.jpg 1 9 4 68 68
1225_0014_0028_0062_0062.jpg 1 14 28 62 62
1226_0058_0036_0030_0030.jpg 1 58 36 30 30
1227_0020_0007_0066_0066.jpg 1 20 7 66 66
1228_0014_0011_0065_0065.jpg 1 14 11 65 65
1229_0033_0023_0053_0053.jpg 1 33 23 53 53
1230_0010_0028_0040_0040.jpg 1 10 28 40 40
1231_0051_0026_0037_0037.jpg 1 51 26 37 37
1232_0023_0014_0068_0068.jpg 1 23 14 68 68
1233_0009_0004_0057_0057.jpg 1 9 4 57 57
1234_0021_0026_0058_0058.jpg 1 21 26 58 58
1235_0007_0008_0063_0063.jpg 1 7 8 63 63
1236_0060_0041_0028_0028.jpg 1 60 41 28 28
1237_0027_0012_0031_0031.jpg 1 27 12 31 31
1238_0035_0026_0040_0040.jpg 1 35 26 40 40
1239_0019_0027_0066_0066.jpg 1 19 27 66 66
1240_0026_0020_0063_0063.jpg 1 26 20 63 63
1241_0031_0027_0054_0054.jpg 1 31 27 54 54
1242_0046_0025_0026_0026.jpg 1 46 25 26 26
1243_0016_0028_0064_0064.jpg 1 16 28 64 64
1244_0032_0034_0049_0049.jpg 1 32 34 49 49
1245_0057_0011_0033_0033.jpg 1 57 11 33 33
1246_0027_0019_0055_0055.jpg 1 27 19 55 55
1247_0029_0018_0046_0046.jpg 1 29 18 46 46
1248_0050_0046_0037_0037.jpg 1 50 46 37 37
1249_0043_0042_0030_0030.jpg 1 43 42 30 30
1250_0022_0018_0057_0057.jpg 1 22 18 57 57
1251_0034_0015_0055_0055.jpg 1 34 15 55 55
1252_0029_0030_0061_0061.jpg 1 29 30 61 61
1253_0046_0017_0039_0039.jpg 1 46 17 39 39
1254_0008_0018_0062_0062.jpg 1 8 18 62 62
1255_0021_0027_0068_0068.jpg 1 21 27 68 68
1256_0017_0034_0025_0025.jpg 1 17 34 25 25
1257_0024_0027_0066_0066.jpg 1 24 27 66 66
1258_0056_0030_0034_0034.jpg 1 56 30 34 34
1259_0041_0010_0051_0051.jpg 1 41 10 51 51
1260_0052_0027_0034_0034.jpg 1 52 27 34 34
1261_0019_0013_0067_0067.jpg 1 19 13 67 67
1262_0059_0064_0028_0028.jpg 1 59 64 28 28
1263_0030_0004_0054_0054.jpg 1 30 4 54 54
1264_0017_0013_0038_0038.jpg 1 17 13 38 38
1265_0042_0005_0051_0051.jpg 1 42 5 51 51
1266_0019_0007_0066_0066.jpg 1 19 7 66 66
1267_0039_0061_0028_0028.jpg 1 39 61 28 28
1268_0029_0034_0059_0059.jpg 1 29 34 59 59
1269_0022_0006_0045_0045.jpg 1 22 6 45 45
1270_0036_0035_0059_0059.jpg 1 36 35 59 59
1271_0031_0037_0024_0024.jpg 1 31 37 24 24
1272_0042_0043_0025_0025.jpg 1 42 43 25 25
1273_0005_0026_0065_0065.jpg 1 5 26 65 65
1274_0018_0033_0037_0037.jpg 1 18 33 37 37
1275_0021_0007_0062_0062.jpg 1 21 7 62 62
1276_0019_0032_0032_0032.jpg 1 19 32 32 32
1277_0026_0006_0051_0051.jpg 1 26 6 51 51
1278_0046_0067_0024_0024.jpg 1 46 67 24 24
1279_0007_0012_0064_0064.jpg 1 7 12 64 64
1280_0025_0035_0044_0044.jpg 1 25 35 44 44
1281_0029_0023_0060_0060.jpg 1 29 23 60 60
1282_0014_0021_0039_0039.jpg 1 14 21 39 39
1283_0033_0012_0055_0055.jpg 1 33 12 55 55
1284_0039_0030_0035_0035.jpg 1 39 30 35 35
1285_0031_0012_0036_0036.jpg 1 31 12 36 36
1286_0038_0050_0035_0035.jpg 1 38 50 35 35
1287_0034_0030_0044_0044.jpg 1 34 30 44 44
1288_0017_0058_0024_0024.jpg 1 17 58 24 24
1289_0026_0014_0051_0051.jpg 1 26 14 51 51
1290_0027_0030_0062_0062.jpg 1 27 30 62 62
1291_0009_0022_0055_0055.jpg 1 9 22 55 55
1292_0006_0040_0053_0053.jpg 1 6 40 53 53
1293_0049_0006_0035_0035.jpg 1 49 6 35 35
1294_0010_0020_0047_0047.jpg 1 10 20 47 47
1295_0011_0031_0064_0064.jpg 1 11 31 64 64
1296_0038_0022_0055_0055.jpg 1 38 22 55 55
1297_0028_0021_0067_0067.jpg 1 28 21 67 67
1298_0015_0014_0066_0066.jpg 1 15 14 66 66
1299_0018_0023_0050_0050.jpg 1 18 23 50 50
1300_0008_0005_0061_0061.jpg 1 8 5 61 61
1301_0027_0020_0064_0064.jpg 1 27 20 64 64
1302_0029_0021_0029_0029.jpg 1 29 21 29 29
1303_0051_0035_0042_0042.jpg 1 51 35 42 42
1304_0038_0034_0045_0045.jpg 1 38 34 45 45
1305_0042_0010_0052_0052.jpg 1 42 10 52 52
1306_0013_0024_0064_0064.jpg 1 13 24 64 64
1307_0004_0036_0059_0059.jpg 1 4 36 59 59
1308_0047_0020_0042_0042.jpg 1 47 20 42 42
1309_0014_0009_0035_0035.jpg 1 14 9 35 35
1310_0027_0007_0064_0064.jpg 1 27 7 64 64
1311_0017_0045_0032_0032.jpg 1 17 45 32 32
1312_0023_0010_0053_0053.jpg 1 23 10 53 53
1313_0007_0014_0043_0043.jpg 1 7 14 43 43
1314_0017_0036_0054_0054.jpg 1 17 36 54 54
1315_0017_0020_0062_0062.jpg 1 17 20 62 62
1316_0016_0014_0063_0063.jpg 1 16 14 63 63
1317_0023_0058_0031_0031.jpg 1 23 58 31 31
1318_0008_0021_0058_0058.jpg 1 8 21 58 58
1319_0045_0017_0026_0026.jpg 1 45 17 26 26
1320_0016_0018_0039_0039.jpg 1 16 18 39 39
1321_0026_0015_0067_0067.jpg 1 26 15 67 67
1322_0019_0022_0065_0065.jpg 1 19 22 65 65
1323_0022_0049_0040_0040.jpg 1 22 49 40 40
1324_0042_0046_0025_0025.jpg 1 42 46 25 25
1325_0045_0020_0035_0035.jpg 1 45 20 35 35
1326_0008_0030_0065_0065.jpg 1 8 30 65 65
1327_0008_0019_0062_0062.jpg 1 8 19 62 62
1328_0046_0035_0033_0033.jpg 1 46 35 33 33
1329_0034_0033_0031_0031.jpg 1 34 33 31 31
1330_0011_0033_0062_0062.jpg 1 11 33 62 62
1331_0033_0013_0054_0054.jpg 1 33 13 54 54
1332_0006_0021_0059_0059.jpg 1 6 21 59 59
1333_0064_0061_0027_0027.jpg 1 64 61 27 27
1334_0006_0026_0062_0062.jpg 1 6 26 62 62
1335_0019_0006_0066_0066.jpg 1 19 6 66 66
1336_0021_0017_0061_0061.jpg 1 21 17 61 61
1337_0054_0030_0036_0036.jpg 1 54 30 36 36
1338_0022_0025_0068_0068.jpg 1 22 25 68 68
1339_0065_0037_0024_0024.jpg 1 65 37 24 24
1340_0014_0028_0046_0046.jpg 1 14 28 46 46
1341_0005_0038_0057_0057.jpg 1 5 38 57 57
1342_0013_0033_0030_0030.jpg 1 13 33 30 30
1343_0017_0026_0069_0069.jpg 1 17 26 69 69
1344_0029_0029_0065_0065.jpg 1 29 29 65 65
1345_0021_0048_0032_0032.jpg 1 21 48 32 32
1346_0030_0003_0065_0065.jpg 1 30 3 65 65
1347_0007_0024_0043_0043.jpg 1 7 24 43 43
1348_0052_0038_0027_0027.jpg 1 52 38 27 27
1349_0050_0015_0040_0040.jpg 1 50 15 40 40
1350_0046_0062_0026_0026.jpg 1 46 62 26 26
1351_0016_0025_0064_0064.jpg 1 16 25 64 64
1352_0015_0008_0062_0062.jpg 1 15 8 62 62
1353_0039_0045_0035_0035.jpg 1 39 45 35 35
1354_0009_0065_0025_0025.jpg 1 9 65 25 25
1355_0014_0017_0041_0041.jpg 1 14 17 41 41
1356_0036_0032_0039_0039.jpg 1 36 32 39 39
1357_0023_0035_0047_0047.jpg 1 23 35 47 47
1358_0040_0012_0029_0029.jpg 1 40 12 29 29
1359_0008_0008_0061_0061.jpg 1 8 8 61 61
1360_0041_0016_0048_0048.jpg 1 41 16 48 48
1361_0028_0055_0027_0027.jpg 1 28 55 27 27
1362_0027_0008_0030_0030.jpg 1 27 8 30 30
1363_0018_0038_0055_0055.jpg 1 18 38 55 55
1364_0030_0049_0033_0033.jpg 1 30 49 33 33
1365_0013_0032_0052_0052.jpg 1 13 32 52 52
1366_0027_0044_0036_0036.jpg 1 27 44 36 36
1367_0035_0013_0045_0045.jpg 1 35 13 45 45
1368_0036_0011_0055_0055.jpg 1 36 11 55 55
1369_0009_0013_0053_0053.jpg 1 9 13 53 53
1370_0029_0005_0067_0067.jpg 1 29 5 67 67
1371_0027_0028_0024_0024.jpg 1 27 28 24 24
1372_0006_0048_0041_0041.jpg 1 6 48 41 41
1373_0046_0009_0038_0038.jpg 1 46 9 38 38
1374_0059_0029_0032_0032.jpg 1 59 29 32 32
1375_0017_0005_0065_0065.jpg 1 17 5 65 65
1376_0027_0017_0063_0063.jpg 1 27 17 63 63
1377_0050_0060_0024_0024.jpg 1 50 60 24 24
1378_0052_0017_0024_0024.jpg 1 52 17 24 24
1379_0006_0023_0062_0062.jpg 1 6 23 62 62
1380_0041_0022_0049_0049.jpg 1 41 22 49 49
1381_0014_0022_0064_0064.jpg 1 14 22 64 64
1382_0027_0011_0066_0066.jpg 1 27 11 66 66
1383_0011_0030_0058_0058.jpg 1 11 30 58 58
1384_0022_0021_0069_0069.jpg 1 22 21 69 69
1385_0040_0035_0041_0041.jpg 1 40 35 41 41
1386_0055_0064_0025_0025.jpg 1 55 64 25 25
1387_0025_0022_0052_0052.jpg 1 25 22 52 52
1388_0016_0020_0054_0054.jpg 1 16 20 54 54
1389_0007_0005_0053_0053.jpg 1 7 5 53 53
1390_0014_0053_0031_0031.jpg 1 14 53 31 31
1391_0026_0029_0036_0036.jpg 1 26 29 36 36
1392_0007_0010_0055_0055.jpg 1 7 10 55 55
1393_0006_0053_0038_0038.jpg 1 6 53 38 38
1394_0026_0012_0039_0039.jpg 1 26 12 39 39
1395_0008_0038_0033_0033.jpg 1 8 38 33 33
1396_0034_0019_0059_0059.jpg 1 34 19 59 59
1397_0006_0021_0064_0064.jpg 1 6 21 64 64
1398_0020_0037_0051_0051.jpg 1 20 37 51 51
1399_0039_0031_0035_0035.jpg 1 39 31 35 35
1400_0018_0021_0060_0060.jpg 1 18 21 60 60
1401_0026_0011_0068_0068.jpg 1 26 11 68 68
1402_0045_0040_0028_0028.jpg 1 45 40 28 28
1403_0008_0012_0055_0055.jpg 1 8 12 55 55
1404_0005_0021_0069_0069.jpg 1 5 21 69 69
1405_0008_0004_0067_0067.jpg 1 8 4 67 67
1406_0040_0012_0049_0049.jpg 1 40 12 49 49
1407_0061_0049_0025_0025.jpg 1 61 49 25 25
1408_0009_0058_0031_0031.jpg 1 9 58 31 31
1409_0011_0027_0024_0024.jpg 1 11 27 24 24
1410_0052_0032_0027_0027.jpg 1 52 32 27 27
1411_0005_0019_0059_0059.jpg 1 5 19 59 59
1412_0023_0042_0034_0034.jpg 1 23 42 34 34
1413_0005_0005_0049_0049.jpg 1 5 5 49 49
1414_0016_0013_0052_0052.jpg 1 16 13 52 52
1415_0023_0013_0044_0044.jpg 1 23 13 44 44
1416_0013_0011_0032_0032.jpg 1 13 11 32 32
1417_0018_0017_0049_0049.jpg 1 18 17 49 49
1418_0016_0049_0035_0035.jpg 1 16 49 35 35
1419_0031_0040_0052_0052.jpg 1 31 40 52 52
1420_0057_0024_0024_0024.jpg 1 57 24 24 24
1421_0047_0006_0037_0037.jpg 1 47 6 37 37
1422_0015_0021_0068_0068.jpg 1 15 21 68 68
1423_0017_0027_0061_0061.jpg 1 17 27 61 61
1424_0030_0009_0037_0037.jpg 1 30 9 37 37
1425_0040_0012_0031_0031.jpg 1 40 12 31 31
1426_0029_0014_0060_0060.jpg 1 29 14 60 60
1427_0027_0013_0038_0038.jpg 1 27 13 38 38
1428_0019_0031_0058_0058.jpg 1 19 31 58 58
1429_0040_0040_0048_0048.jpg 1 40 40 48 48
1430_0043_0013_0050_0050.jpg 1 43 13 50 50
1431_0011_0007_0032_0032.jpg 1 11 7 32 32
1432_0038_0012_0042_0042.jpg 1 38 12 42 42
1433_0026_0044_0027_0027.jpg 1 26 44 27 27
1434_0006_0031_0044_0044.jpg 1 6 31 44 44
1435_0036_0051_0033_0033.jpg 1 36 51 33 33
1436_0037_0012_0058_0058.jpg 1 37 12 58 58
1437_0033_0032_0054_0054.jpg 1 33 32 54 54
1438_0011_0019_0055_0055.jpg 1 11 19 55 55
1439_0033_0025_0056_0056.jpg 1 33 25 56 56
1440_0037_0057_0025_0025.jpg 1 37 57 25 25
1441_0017_0019_0056_0056.jpg 1 17 19 56 56
1442_0031_0059_0028_0028.jpg 1 31 59 28 28
1443_0025_0011_0060_0060.jpg 1 25 11 60 60
1444_0024_0022_0052_0052.jpg 1 24 22 52 52
1445_0024_0035_0032_0032.jpg 1 24 35 32 32
1446_0010_0019_0057_0057.jpg 1 10 19 57 57
1447_0044_0033_0035_0035.jpg 1 44 33 35 35
1448_0014_0006_0035_0035.jpg 1 14 6 35 35
1449_0034_0031_0031_0031.jpg 1 34 31 31 31
1450_0053_0017_0028_0028.jpg 1 53 17 28 28
1451_0029_0015_0058_0058.jpg 1 29 15 58 58
1452_0013_0016_0047_0047.jpg 1 13 16 47 47
1453_0041_0058_0032_0032.jpg 1 41 58 32 32
1454_0043_0026_0045_0045.jpg 1 43 26 45 45
1455_0013_0044_0044_0044.jpg 1 13 44 44 44
1456_0044_0006_0050_0050.jpg 1 44 6 50 50
1457_0007_0025_0062_0062.jpg 1 7 25 62 62
1458_0040_0050_0042_0042.jpg 1 40 50 42 42
1459_0016_0011_0053_0053.jpg 1 16 11 53 53
1460_0051_0053_0037_0037.jpg 1 51 53 37 37
1461_0014_0041_0047_0047.jpg 1 14 41 47 47
1462_0026_0004_0062_0062.jpg 1 26 4 62 62
1463_0039_0044_0027_0027.jpg 1 39 44 27 27
1464_0043_0047_0027_0027.jpg 1 43 47 27 27
1465_0009_0009_0061_0061.jpg 1 9 9 61 61
1466_0022_0032_0039_0039.jpg 1 22 32 39 39
1467_0028_0034_0053_0053.jpg 1 28 34 53 53
1468_0027_0030_0024_0024.jpg 1 27 30 24 24
1469_0042_0036_0044_0044.jpg 1 42 36 44 44
1470_0027_0057_0026_0026.jpg 1 27 57 26 26
1471_0015_0011_0046_0046.jpg 1 15 11 46 46
1472_0016_0024_0062_0062.jpg 1 16 24 62 62
1473_0024_0016_0042_0042.jpg 1 24 16 42 42
1474_0024_0003_0065_0065.jpg 1 24 3 65 65
1475_0027_0025_0053_0053.jpg 1 27 25 53 53
1476_0013_0048_0044_0044.jpg 1 13 48 44 44
1477_0024_0038_0046_0046.jpg 1 24 38 46 46
1478_0050_0009_0029_0029.jpg 1 50 9 29 29
1479_0042_0066_0026_0026.jpg 1 42 66 26 26
1480_0040_0030_0038_0038.jpg 1 40 30 38 38
1481_0027_0035_0037_0037.jpg 1 27 35 37 37
1482_0021_0048_0027_0027.jpg 1 21 48 27 27
1483_0028_0029_0064_0064.jpg 1 28 29 64 64
1484_0021_0028_0041_0041.jpg 1 21 28 41 41
1485_0019_0015_0029_0029.jpg 1 19 15 29 29
1486_0027_0009_0049_0049.jpg 1 27 9 49 49
1487_0021_0035_0057_0057.jpg 1 21 35 57 57
1488_0027_0028_0064_0064.jpg 1 27 28 64 64
1489_0016_0020_0056_0056.jpg 1 16 20 56 56
1490_0043_0017_0024_0024.jpg 1 43 17 24 24
1491_0030_0014_0048_0048.jpg 1 30 14 48 48
1492_0012_0024_0063_0063.jpg 1 12 24 63 63
1493_0035_0005_0049_0049.jpg 1 35 5 49 49
1494_0039_0062_0028_0028.jpg 1 39 62 28 28
1495_0018_0015_0048_0048.jpg 1 18 15 48 48
1496_0030_0035_0040_0040.jpg 1 30 35 40 40
1497_0033_0022_0028_0028.jpg 1 33 22 28 28
1498_0050_0011_0038_0038.jpg 1 50 11 38 38
1499_0041_0027_0037_0037.jpg 1 41 27 37 37
1500_0035_0033_0034_0034.jpg 1 35 33 34 34
1501_0015_0024_0063_0063.jpg 1 15 24 63 63
1502_0057_0040_0031_0031.jpg 1 57 40 31 31
1503_0041_0046_0038_0038.jpg 1 41 46 38 38
1504_0007_0010_0048_0048.jpg 1 7 10 48 48
1505_0024_0024_0060_0060.jpg 1 24 24 60 60
1506_0007_0021_0051_0051.jpg 1 7 21 51 51
1507_0026_0030_0059_0059.jpg 1 26 30 59 59
1508_0029_0028_0024_0024.jpg 1 29 28 24 24
1509_0009_0005_0064_0064.jpg 1 9 5 64 64
1510_0011_0005_0058_0058.jpg 1 11 5 58 58
1511_0013_0023_0051_0051.jpg 1 13 23 51 51
1512_0009_0061_0032_0032.jpg 1 9 61 32 32
1513_0018_0040_0055_0055.jpg 1 18 40 55 55
1514_0056_0049_0031_0031.jpg 1 56 49 31 31
1515_0014_0038_0026_0026.jpg 1 14 38 26 26
1516_0007_0022_0068_0068.jpg 1 7 22 68 68
1517_0022_0016_0055_0055.jpg 1 22 16 55 55
1518_0054_0037_0032_0032.jpg 1 54 37 32 32
1519_0012_0038_0057_0057.jpg 1 12 38 57 57
1520_0019_0024_0063_0063.jpg 1 19 24 63 63
1521_0019_0007_0061_0061.jpg 1 19 7 61 61
1522_0034_0028_0043_0043.jpg 1 34 28 43 43
1523_0025_0046_0048_0048.jpg 1 25 46 48 48
1524_0033_0014_0047_0047.jpg 1 33 14 47 47
1525_0025_0014_0061_0061.jpg 1 25 14 61 61
1526_0028_0026_0032_0032.jpg 1 28 26 32 32
1527_0038_0054_0038_0038.jpg 1 38 54 38 38
1528_0026_0059_0032_0032.jpg 1 26 59 32 32
1529_0038_0031_0043_0043.jpg 1 38 31 43 43
1530_0034_0029_0033_0033.jpg 1 34 29 33 33
1531_0016_0050_0032_0032.jpg 1 16 50 32 32
1532_0053_0045_0036_0036.jpg 1 53 45 36 36
1533_0029_0057_0029_0029.jpg 1 29 57 29 29
1534_0026_0029_0024_0024.jpg 1 26 29 24 24
1535_0014_0004_0067_0067.jpg 1 14 4 67 67
1536_0010_0039_0048_0048.jpg 1 10 39 48 48
1537_0038_0020_0057_0057.jpg 1 38 20 57 57
1538_0027_0035_0051_0051.jpg 1 27 35 51 51
1539_0015_0043_0047_0047.jpg 1 15 43 47 47
1540_0041_0030_0028_0028.jpg 1 41 30 28 28
1541_0015_0013_0052_0052.jpg 1 15 13 52 52
1542_0034_0036_0034_0034.jpg 1 34 36 34 34
1543_0011_0033_0058_0058.jpg 1 11 33 58 58
1544_0025_0024_0064_0064.jpg 1 25 24 64 64
1545_0007_0017_0045_0045.jpg 1 7 17 45 45
1546_0027_0009_0068_0068.jpg 1 27 9 68 68
1547_0052_0058_0030_0030.jpg 1 52 58 30 30
1548_0019_0019_0030_0030.jpg 1 19 19 30 30
1549_0056_0031_0035_0035.jpg 1 56 31 35 35
1550_0019_0022_0033_0033.jpg 1 19 22 33 33
1551_0026_0021_0040_0040.jpg 1 26 21 40 40
1552_0041_0017_0047_0047.jpg 1 41 17 47 47
1553_0029_0016_0046_0046.jpg 1 29 16 46 46
1554_0016_0014_0056_0056.jpg 1 16 14 56 56
1555_0027_0023_0063_0063.jpg 1 27 23 63 63
1556_0006_0022_0066_0066.jpg 1 6 22 66 66
1557_0021_0012_0060_0060.jpg 1 21 12 60 60
1558_0041_0028_0049_0049.jpg 1 41 28 49 49
1559_0013_0004_0062_0062.jpg 1 13 4 62 62
1560_0011_0031_0064_0064.jpg 1 11 31 64 64
1561_0021_0038_0032_0032.jpg 1 21 38 32 32
1562_0025_0019_0064_0064.jpg 1 25 19 64 64
1563_0026_0011_0064_0064.jpg 1 26 11 64 64
1564_0009_0027_0037_0037.jpg 1 9 27 37 37
1565_0027_0020_0063_0063.jpg 1 27 20 63 63
1566_0024_0034_0039_0039.jpg 1 24 34 39 39
1567_0052_0027_0029_0029.jpg 1 52 27 29 29
1568_0038_0005_0056_0056.jpg 1 38 5 56 56
1569_0023_0007_0040_0040.jpg 1 23 7 40 40
1570_0052_0028_0032_0032.jpg 1 52 28 32 32
1571_0020_0019_0056_0056.jpg 1 20 19 56 56
1572_0026_0005_0064_0064.jpg 1 26 5 64 64
1573_0019_0024_0058_0058.jpg 1 19 24 58 58
1574_0013_0035_0044_0044.jpg 1 13 35 44 44
1575_0061_0007_0026_0026.jpg 1 61 7 26 26
1576_0025_0042_0046_0046.jpg 1 25 42 46 46
1577_0027_0030_0055_0055.jpg 1 27 30 55 55
1578_0016_0016_0035_0035.jpg 1 16 16 35 35
1579_0029_0023_0065_0065.jpg 1 29 23 65 65
1580_0049_0048_0040_0040.jpg 1 49 48 40 40
1581_0011_0026_0068_0068.jpg 1 11 26 68 68
1582_0031_0023_0041_0041.jpg 1 31 23 41 41
1583_0029_0013_0067_0067.jpg 1 29 13 67 67
1584_0009_0026_0051_0051.jpg 1 9 26 51 51
1585_0026_0045_0039_0039.jpg 1 26 45 39 39
1586_0011_0032_0041_0041.jpg 1 11 32 41 41
1587_0024_0023_0059_0059.jpg 1 24 23 59 59
1588_0007_0035_0028_0028.jpg 1 7 35 28 28
1589_0030_0005_0064_0064.jpg 1 30 5 64 64
1590_0033_0022_0049_0049.jpg 1 33 22 49 49
1591_0021_0009_0048_0048.jpg 1 21 9 48 48
1592_0039_0012_0035_0035.jpg 1 39 12 35 35
1593_0041_0028_0045_0045.jpg 1 41 28 45 45
1594_0026_0017_0068_0068.jpg 1 26 17 68 68
1595_0013_0012_0064_0064.jpg 1 13 12 64 64
1596_0006_0015_0046_0046.jpg 1 6 15 46 46
1597_0022_0016_0067_0067.jpg 1 22 16 67 67
1598_0024_0015_0052_0052.jpg 1 24 15 52 52
1599_0007_0034_0057_0057.jpg 1 7 34 57 57
1600_0035_0031_0057_0057.jpg 1 35 31 57 57
1601_0023_0056_0031_0031.jpg 1 23 56 31 31
1602_0043_0007_0040_0040.jpg 1 43 7 40 40
1603_0010_0015_0054_0054.jpg 1 10 15 54 54
1604_0029_0026_0031_0031.jpg 1 29 26 31 31
1605_0008_0020_0067_0067.jpg 1 8 20 67 67
1606_0027_0034_0058_0058.jpg 1 27 34 58 58
1607_0031_0022_0045_0045.jpg 1 31 22 45 45
1608_0032_0019_0060_0060.jpg 1 32 19 60 60
1609_0029_0011_0060_0060.jpg 1 29 11 60 60
1610_0010_0033_0060_0060.jpg 1 10 33 60 60
1611_0009_0029_0029_0029.jpg 1 9 29 29 29
1612_0036_0015_0039_0039.jpg 1 36 15 39 39
1613_0023_0012_0057_0057.jpg 1 23 12 57 57
1614_0018_0022_0024_0024.jpg 1 18 22 24 24
1615_0024_0011_0035_0035.jpg 1 24 11 35 35
1616_0017_0051_0034_0034.jpg 1 17 51 34 34
1617_0036_0035_0058_0058.jpg 1 36 35 58 58
1618_0051_0027_0038_0038.jpg 1 51 27 38 38
1619_0005_0031_0061_0061.jpg 1 5 31 61 61
1620_0033_0011_0058_0058.jpg 1 33 11 58 58
1621_0025_0017_0069_0069.jpg 1 25 17 69 69
1622_0032_0029_0040_0040.jpg 1 32 29 40 40
1623_0038_0024_0048_0048.jpg 1 38 24 48 48
1624_0029_0007_0044_0044.jpg 1 29 7 44 44
1625_0037_0040_0050_0050.jpg 1 37 40 50 50
1626_0047_0035_0047_0047.jpg 1 47 35 47 47
1627_0004_0018_0062_0062.jpg 1 4 18 62 62
1628_0042_0047_0042_0042.jpg 1 42 47 42 42
1629_0029_0012_0042_0042.jpg 1 29 12 42 42
1630_0008_0026_0043_0043.jpg 1 8 26 43 43
1631_0007_0014_0049_0049.jpg 1 7 14 49 49
1632_0021_0017_0063_0063.jpg 1 21 17 63 63
1633_0008_0019_0056_0056.jpg 1 8 19 56 56
1634_0040_0022_0052_0052.jpg 1 40 22 52 52
1635_0023_0008_0062_0062.jpg 1 23 8 62 62
1636_0027_0027_0041_0041.jpg 1 27 27 41 41
1637_0008_0016_0068_0068.jpg 1 8 16 68 68
1638_0013_0037_0052_0052.jpg 1 13 37 52 52
1639_0030_0031_0054_0054.jpg 1 30 31 54 54
1640_0034_0025_0057_0057.jpg 1 34 25 57 57
1641_0041_0013_0048_0048.jpg 1 41 13 48 48
1642_0060_0018_0031_0031.jpg 1 60 18 31 31
1643_0007_0014_0056_0056.jpg 1 7 14 56 56
1644_0005_0014_0061_0061.jpg 1 5 14 61 61
1645_0022_0009_0052_0052.jpg 1 22 9 52 52
1646_0041_0008_0043_0043.jpg 1 41 8 43 43
1647_0052_0046_0037_0037.jpg 1 52 46 37 37
1648_0040_0024_0031_0031.jpg 1 40 24 31 31
1649_0023_0027_0058_0058.jpg 1 23 27 58 58
1650_0030_0020_0042_0042.jpg 1 30 20 42 42
1651_0023_0031_0056_0056.jpg 1 23 31 56 56
1652_0028_0028_0064_0064.jpg 1 28 28 64 64
1653_0044_0029_0040_0040.jpg 1 44 29 40 40
1654_0013_0038_0054_0054.jpg 1 13 38 54 54
1655_0036_0018_0056_0056.jpg 1 36 18 56 56
1656_0007_0017_0029_0029.jpg 1 7 17 29 29
1657_0019_0061_0028_0028.jpg 1 19 61 28 28
1658_0051_0038_0039_0039.jpg 1 51 38 39 39
1659_0019_0021_0034_0034.jpg 1 19 21 34 34
1660_0020_0010_0053_0053.jpg 1 20 10 53 53
1661_0025_0007_0033_0033.jpg 1 25 7 33 33
1662_0019_0028_0028_0028.jpg 1 19 28 28 28
1663_0024_0017_0028_0028.jpg 1 24 17 28 28
1664_0046_0021_0041_0041.jpg 1 46 21 41 41
1665_0020_0039_0038_0038.jpg 1 20 39 38 38
1666_0008_0043_0028_0028.jpg 1 8 43 28 28
1667_0037_0042_0033_0033.jpg 1 37 42 33 33
1668_0030_0015_0037_0037.jpg 1 30 15 37 37
1669_0020_0012_0054_0054.jpg 1 20 12 54 54
1670_0014_0045_0037_0037.jpg 1 14 45 37 37
1671_0052_0043_0035_0035.jpg 1 52 43 35 35
1672_0026_0037_0028_0028.jpg 1 26 37 28 28
1673_0053_0050_0029_0029.jpg 1 53 50 29 29
1674_0049_0041_0038_0038.jpg 1 49 41 38 38
1675_0025_0020_0032_0032.jpg 1 25 20 32 32
1676_0037_0020_0057_0057.jpg 1 37 20 57 57
1677_0010_0023_0067_0067.jpg 1 10 23 67 67
1678_0055_0030_0028_0028.jpg 1 55 30 28 28
1679_0046_0053_0027_0027.jpg 1 46 53 27 27
1680_0045_0005_0049_0049.jpg 1 45 5 49 49
1681_0021_0015_0067_0067.jpg 1 21 15 67 67
1682_0007_0019_0045_0045.jpg 1 7 19 45 45
1683_0066_0007_0025_0025.jpg 1 66 7 25 25
1684_0025_0021_0024_0024.jpg 1 25 21 24 24
1685_0037_0030_0057_0057.jpg 1 37 30 57 57
1686_0009_0020_0049_0049.jpg 1 9 20 49 49
1687_0009_0015_0026_0026.jpg 1 9 15 26 26
1688_0026_0005_0058_0058.jpg 1 26 5 58 58
1689_0053_0035_0032_0032.jpg 1 53 35 32 32
1690_0010_0010_0067_0067.jpg 1 10 10 67 67
1691_0014_0063_0024_0024.jpg 1 14 63 24 24
1692_0028_0029_0056_0056.jpg 1 28 29 56 56
1693_0019_0011_0060_0060.jpg 1 19 11 60 60
1694_0036_0024_0027_0027.jpg 1 36 24 27 27
1695_0044_0062_0026_0026.jpg 1 44 62 26 26
1696_0048_0006_0040_0040.jpg 1 48 6 40 40
1697_0020_0024_0058_0058.jpg 1 20 24 58 58
1698_0017_0024_0045_0045.jpg 1 17 24 45 45
1699_0034_0010_0043_0043.jpg 1 34 10 43 43
1700_0038_0010_0042_0042.jpg 1 38 10 42 42
1701_0019_0023_0046_0046.jpg 1 19 23 46 46
1702_0030_0022_0053_0053.jpg 1 30 22 53 53
1703_0024_0033_0050_0050.jpg 1 24 33 50 50
1704_0022_0017_0038_0038.jpg 1 22 17 38 38
1705_0009_0007_0066_0066.jpg 1 9 7 66 66
1706_0023_0031_0029_0029.jpg 1 23 31 29 29
1707_0010_0005_0069_0069.jpg 1 10 5 69 69
1708_0034_0015_0058_0058.jpg 1 34 15 58 58
1709_0042_0030_0053_0053.jpg 1 42 30 53 53
1710_0022_0012_0059_0059.jpg 1 22 12 59 59
1711_0011_0021_0057_0057.jpg 1 11 21 57 57
1712_0016_0021_0046_0046.jpg 1 16 21 46 46
1713_0023_0023_0058_0058.jpg 1 23 23 58 58
1714_0010_0026_0065_0065.jpg 1 10 26 65 65
1715_0035_0038_0030_0030.jpg 1 35 38 30 30
1716_0053_0006_0040_0040.jpg 1 53 6 40 40
1717_0032_0011_0027_0027.jpg 1 32 11 27 27
1718_0026_0054_0029_0029.jpg 1 26 54 29 29
1719_0027_0004_0055_0055.jpg 1 27 4 55 55
1720_0019_0019_0048_0048.jpg 1 19 19 48 48
1721_0053_0016_0037_0037.jpg 1 53 16 37 37
1722_0024_0020_0058_0058.jpg 1 24 20 58 58
1723_0031_0016_0053_0053.jpg 1 31 16 53 53
1724_0026_0018_0056_0056.jpg 1 26 18 56 56
1725_0055_0054_0032_0032.jpg 1 55 54 32 32
1726_0056_0045_0027_0027.jpg 1 56 45 27 27
1727_0030_0036_0058_0058.jpg 1 30 36 58 58
1728_0032_0016_0058_0058.jpg 1 32 16 58 58
1729_0027_0020_0059_0059.jpg 1 27 20 59 59
1730_0048_0048_0040_0040.jpg 1 48 48 40 40
1731_0041_0012_0041_0041.jpg 1 41 12 41 41
1732_0042_0019_0046_0046.jpg 1 42 19 46 46
1733_0022_0041_0033_0033.jpg 1 22 41 33 33
1734_0009_0029_0053_0053.jpg 1 9 29 53 53
1735_0011_0026_0045_0045.jpg 1 11 26 45 45
1736_0052_0020_0039_0039.jpg 1 52 20 39 39
1737_0047_0016_0035_0035.jpg 1 47 16 35 35
1738_0015_0025_0042_0042.jpg 1 15 25 42 42
1739_0010_0022_0053_0053.jpg 1 10 22 53 53
1740_0023_0050_0040_0040.jpg 1 23 50 40 40
1741_0019_0017_0067_0067.jpg 1 19 17 67 67
1742_0011_0032_0060_0060.jpg 1 11 32 60 60
1743_0004_0015_0054_0054.jpg 1 4 15 54 54
1744_0011_0053_0025_0025.jpg 1 11 53 25 25
1745_0004_0006_0061_0061.jpg 1 4 6 61 61
1746_0013_0019_0055_0055.jpg 1 13 19 55 55
1747_0052_0046_0029_0029.jpg 1 52 46 29 29
1748_0053_0007_0029_0029.jpg 1 53 7 29 29
1749_0018_0008_0058_0058.jpg 1 18 8 58 58
1750_0023_0011_0058_0058.jpg 1 23 11 58 58
1751_0008_0045_0049_0049.jpg 1 8 45 49 49
1752_0040_0024_0026_0026.jpg 1 40 24 26 26
1753_0007_0013_0067_0067.jpg 1 7 13 67 67
1754_0027_0033_0024_0024.jpg 1 27 33 24 24
1755_0012_0040_0051_0051.jpg 1 12 40 51 51
1756_0024_0027_0040_0040.jpg 1 24 27 40 40
1757_0053_0029_0027_0027.jpg 1 53 29 27 27
1758_0025_0015_0066_0066.jpg 1 25 15 66 66
1759_0049_0033_0032_0032.jpg 1 49 33 32 32
1760_0036_0035_0052_0052.jpg 1 36 35 52 52
1761_0007_0046_0043_0043.jpg 1 7 46 43 43
1762_0027_0039_0046_0046.jpg 1 27 39 46 46
1763_0015_0011_0048_0048.jpg 1 15 11 48 48
1764_0021_0023_0061_0061.jpg 1 21 23 61 61
1765_0033_0038_0038_0038.jpg 1 33 38 38 38
1766_0004_0024_0059_0059.jpg 1 4 24 59 59
1767_0022_0006_0052_0052.jpg 1 22 6 52 52
1768_0058_0012_0030_0030.jpg 1 58 12 30 30
1769_0034_0035_0050_0050.jpg 1 34 35 50 50
1770_0025_0036_0039_0039.jpg 1 25 36 39 39
1771_0030_0008_0040_0040.jpg 1 30 8 40 40
1772_0019_0023_0034_0034.jpg 1 19 23 34 34
1773_0064_0040_0027_0027.jpg 1 64 40 27 27
1774_0021_0034_0057_0057.jpg 1 21 34 57 57
1775_0014_0036_0044_0044.jpg 1 14 36 44 44
1776_0031_0017_0052_0052.jpg 1 31 17 52 52
1777_0025_0035_0026_0026.jpg 1 25 35 26 26
1778_0017_0010_0059_0059.jpg 1 17 10 59 59
1779_0015_0010_0054_0054.jpg 1 15 10 54 54
1780_0016_0008_0053_0053.jpg 1 16 8 53 53
1781_0032_0050_0040_0040.jpg 1 32 50 40 40
1782_0006_0017_0063_0063.jpg 1 6 17 63 63
1783_0041_0025_0048_0048.jpg 1 41 25 48 48
1784_0026_0042_0051_0051.jpg 1 26 42 51 51
1785_0024_0003_0067_0067.jpg 1 24 3 67 67
1786_0051_0059_0027_0027.jpg 1 51 59 27 27
1787_0016_0017_0032_0032.jpg 1 16 17 32 32
1788_0053_0033_0033_0033.jpg 1 53 33 33 33
1789_0042_0042_0049_0049.jpg 1 42 42 49 49
1790_0032_0050_0034_0034.jpg 1 32 50 34 34
1791_0010_0051_0034_0034.jpg 1 10 51 34 34
1792_0028_0035_0055_0055.jpg 1 28 35 55 55
1793_0029_0045_0047_0047.jpg 1 29 45 47 47
1794_0005_0025_0062_0062.jpg 1 5 25 62 62
1795_0051_0031_0027_0027.jpg 1 51 31 27 27
1796_0043_0029_0027_0027.jpg 1 43 29 27 27
1797_0031_0006_0061_0061.jpg 1 31 6 61 61
1798_0043_0040_0043_0043.jpg 1 43 40 43 43
1799_0020_0022_0025_0025.jpg 1 20 22 25 25
1800_0044_0029_0037_0037.jpg 1 44 29 37 37
1801_0052_0006_0034_0034.jpg 1 52 6 34 34
1802_0031_0010_0061_0061.jpg 1 31 10 61 61
1803_0010_0053_0038_0038.jpg 1 10 53 38 38
1804_0038_0028_0035_0035.jpg 1 38 28 35 35
1805_0030_0015_0058_0058.jpg 1 30 15 58 58
1806_0035_0046_0046_0046.jpg 1 35 46 46 46
1807_0029_0005_0054_0054.jpg 1 29 5 54 54
1808_0037_0013_0040_0040.jpg 1 37 13 40 40
1809_0025_0011_0067_0067.jpg 1 25 11 67 67
1810_0027_0006_0067_0067.jpg 1 27 6 67 67
1811_0041_0011_0041_0041.jpg 1 41 11 41 41
1812_0012_0051_0037_0037.jpg 1 12 51 37 37
1813_0016_0038_0042_0042.jpg 1 16 38 42 42
1814_0013_0017_0031_0031.jpg 1 13 17 31 31
1815_0007_0023_0062_0062.jpg 1 7 23 62 62
1816_0031_0027_0063_0063.jpg 1 31 27 63 63
1817_0021_0009_0062_0062.jpg 1 21 9 62 62
1818_0012_0024_0068_0068.jpg 1 12 24 68 68
1819_0035_0032_0060_0060.jpg 1 35 32 60 60
1820_0033_0011_0036_0036.jpg 1 33 11 36 36
1821_0034_0014_0052_0052.jpg 1 34 14 52 52
1822_0034_0042_0033_0033.jpg 1 34 42 33 33
1823_0018_0037_0056_0056.jpg 1 18 37 56 56
1824_0019_0032_0039_0039.jpg 1 19 32 39 39
1825_0042_0022_0052_0052.jpg 1 42 22 52 52
1826_0021_0011_0061_0061.jpg 1 21 11 61 61
1827_0014_0022_0052_0052.jpg 1 14 22 52 52
1828_0041_0035_0051_0051.jpg 1 41 35 51 51
1829_0012_0003_0069_0069.jpg 1 12 3 69 69
1830_0007_0047_0025_0025.jpg 1 7 47 25 25
1831_0028_0022_0045_0045.jpg 1 28 22 45 45
1832_0019_0039_0053_0053.jpg 1 19 39 53 53
1833_0029_0022_0065_0065.jpg 1 29 22 65 65
1834_0047_0031_0045_0045.jpg 1 47 31 45 45
1835_0012_0053_0028_0028.jpg 1 12 53 28 28
1836_0015_0040_0054_0054.jpg 1 15 40 54 54
1837_0030_0028_0047_0047.jpg 1 30 28 47 47
1838_0005_0008_0053_0053.jpg 1 5 8 53 53
1839_0014_0010_0027_0027.jpg 1 14 10 27 27
1840_0045_0055_0027_0027.jpg 1 45 55 27 27
1841_0039_0012_0036_0036.jpg 1 39 12 36 36
1842_0019_0024_0068_0068.jpg 1 19 24 68 68
1843_0009_0009_0067_0067.jpg 1 9 9 67 67
1844_0015_0007_0028_0028.jpg 1 15 7 28 28
1845_0004_0020_0057_0057.jpg 1 4 20 57 57
1846_0009_0012_0059_0059.jpg 1 9 12 59 59
1847_0038_0045_0027_0027.jpg 1 38 45 27 27
1848_0010_0026_0060_0060.jpg 1 10 26 60 60
1849_0021_0004_0053_0053.jpg 1 21 4 53 53
1850_0019_0039_0025_0025.jpg 1 19 39 25 25
1851_0040_0032_0029_0029.jpg 1 40 32 29 29
1852_0028_0021_0059_0059.jpg 1 28 21 59 59
1853_0027_0004_0058_0058.jpg 1 27 4 58 58
1854_0026_0020_0036_0036.jpg 1 26 20 36 36
1855_0032_0040_0042_0042.jpg 1 32 40 42 42
1856_0009_0028_0063_0063.jpg 1 9 28 63 63
1857_0027_0019_0049_0049.jpg 1 27 19 49 49
1858_0038_0029_0057_0057.jpg 1 38 29 57 57
1859_0028_0048_0044_0044.jpg 1 28 48 44 44
1860_0013_0027_0059_0059.jpg 1 13 27 59 59
1861_0020_0016_0069_0069.jpg 1 20 16 69 69
1862_0021_0011_0029_0029.jpg 1 21 11 29 29
1863_0028_0034_0053_0053.jpg 1 28 34 53 53
1864_0034_0019_0036_0036.jpg 1 34 19 36 36
1865_0021_0018_0068_0068.jpg 1 21 18 68 68
1866_0030_0009_0051_0051.jpg 1 30 9 51 51
1867_0031_0007_0062_0062.jpg 1 31 7 62 62
1868_0049_0019_0044_0044.jpg 1 49 19 44 44
1869_0031_0024_0029_0029.jpg 1 31 24 29 29
1870_0024_0065_0026_0026.jpg 1 24 65 26 26
1871_0018_0039_0053_0053.jpg 1 18 39 53 53
1872_0025_0037_0055_0055.jpg 1 25 37 55 55
1873_0055_0055_0027_0027.jpg 1 55 55 27 27
1874_0031_0046_0028_0028.jpg 1 31 46 28 28
1875_0025_0035_0042_0042.jpg 1 25 35 42 42
1876_0032_0037_0029_0029.jpg 1 32 37 29 29
1877_0036_0038_0032_0032.jpg 1 36 38 32 32
1878_0023_0026_0026_0026.jpg 1 23 26 26 26
1879_0020_0029_0061_0061.jpg 1 20 29 61 61
1880_0004_0023_0061_0061.jpg 1 4 23 61 61
1881_0023_0042_0037_0037.jpg 1 23 42 37 37
1882_0035_0060_0028_0028.jpg 1 35 60 28 28
1883_0022_0034_0041_0041.jpg 1 22 34 41 41
1884_0060_0022_0025_0025.jpg 1 60 22 25 25
1885_0028_0018_0060_0060.jpg 1 28 18 60 60
1886_0051_0049_0033_0033.jpg 1 51 49 33 33
1887_0051_0027_0024_0024.jpg 1 51 27 24 24
1888_0009_0009_0050_0050.jpg 1 9 9 50 50
1889_0015_0022_0061_0061.jpg 1 15 22 61 61
1890_0010_0016_0060_0060.jpg 1 10 16 60 60
1891_0049_0022_0037_0037.jpg 1 49 22 37 37
1892_0031_0033_0045_0045.jpg 1 31 33 45 45
1893_0019_0011_0063_0063.jpg 1 19 11 63 63
1894_0007_0032_0049_0049.jpg 1 7 32 49 49
1895_0016_0052_0034_0034.jpg 1 16 52 34 34
1896_0034_0022_0049_0049.jpg 1 34 22 49 49
1897_0053_0012_0026_0026.jpg 1 53 12 26 26
1898_0018_0019_0056_0056.jpg 1 18 19 56 56
1899_0022_0019_0051_0051.jpg 1 22 19 51 51
1900_0017_0004_0064_0064.jpg 1 17 4 64 64
1901_0041_0030_0030_0030.jpg 1 41 30 30 30
1902_0039_0010_0054_0054.jpg 1 39 10 54 54
1903_0008_0029_0057_0057.jpg 1 8 29 57 57
1904_0033_0017_0025_0025.jpg 1 33 17 25 25
1905_0011_0021_0057_0057.jpg 1 11 21 57 57
1906_0006_0018_0053_0053.jpg 1 6 18 53 53
1907_0022_0020_0068_0068.jpg 1 22 20 68 68
1908_0024_0019_0040_0040.jpg 1 24 19 40 40
1909_0005_0018_0069_0069.jpg 1 5 18 69 69
1910_0023_0034_0055_0055.jpg 1 23 34 55 55
1911_0036_0028_0044_0044.jpg 1 36 28 44 44
1912_0017_0022_0032_0032.jpg 1 17 22 32 32
1913_0039_0026_0034_0034.jpg 1 39 26 34 34
1914_0020_0042_0046_0046.jpg 1 20 42 46 46
1915_0046_0043_0041_0041.jpg 1 46 43 41 41
1916_0015_0014_0066_0066.jpg 1 15 14 66 66
1917_0046_0036_0041_0041.jpg 1 46 36 41 41
1918_0037_0008_0057_0057.jpg 1 37 8 57 57
1919_0006_0053_0039_0039.jpg 1 6 53 39 39
1920_0061_0020_0031_0031.jpg 1 61 20 31 31
1921_0018_0018_0047_0047.jpg 1 18 18 47 47
1922_0030_0033_0062_0062.jpg 1 30 33 62 62
1923_0031_0043_0045_0045.jpg 1 31 43 45 45
1924_0019_0029_0061_0061.jpg 1 19 29 61 61
1925_0026_0067_0024_0024.jpg 1 26 67 24 24
1926_0023_0025_0046_0046.jpg 1 23 25 46 46
1927_0019_0006_0068_0068.jpg 1 19 6 68 68
1928_0029_0034_0052_0052.jpg 1 29 34 52 52
1929_0007_0026_0058_0058.jpg 1 7 26 58 58
1930_0024_0054_0035_0035.jpg 1 24 54 35 35
1931_0012_0045_0028_0028.jpg 1 12 45 28 28
1932_0043_0017_0051_0051.jpg 1 43 17 51 51
1933_0031_0027_0060_0060.jpg 1 31 27 60 60
1934_0046_0009_0044_0044.jpg 1 46 9 44 44
1935_0019_0019_0067_0067.jpg 1 19 19 67 67
1936_0024_0034_0030_0030.jpg 1 24 34 30 30
1937_0012_0027_0037_0037.jpg 1 12 27 37 37
1938_0012_0040_0048_0048.jpg 1 12 40 48 48
1939_0049_0029_0045_0045.jpg 1 49 29 45 45
1940_0013_0008_0044_0044.jpg 1 13 8 44 44
1941_0031_0017_0039_0039.jpg 1 31 17 39 39
1942_0011_0049_0044_0044.jpg 1 11 49 44 44
1943_0008_0032_0051_0051.jpg 1 8 32 51 51
1944_0006_0010_0054_0054.jpg 1 6 10 54 54
1945_0027_0012_0058_0058.jpg 1 27 12 58 58
1946_0007_0024_0062_0062.jpg 1 7 24 62 62
1947_0007_0010_0049_0049.jpg 1 7 10 49 49
1948_0022_0044_0034_0034.jpg 1 22 44 34 34
1949_0024_0025_0066_0066.jpg 1 24 25 66 66
1950_0014_0039_0040_0040.jpg 1 14 39 40 40
